{"C:\\Users\\User\\Desktop\\nazar's kitchen\\Chicken_Kitchen\\Chicken_Kitchen\\dataHandlers\\allergie.js": {"path":"C:\\Users\\User\\Desktop\\nazar's kitchen\\Chicken_Kitchen\\Chicken_Kitchen\\dataHandlers\\allergie.js","statementMap":{"0":{"start":{"line":1,"column":28},"end":{"line":1,"column":77}},"1":{"start":{"line":2,"column":0},"end":{"line":90,"column":1}},"2":{"start":{"line":4,"column":8},"end":{"line":4,"column":25}},"3":{"start":{"line":5,"column":8},"end":{"line":5,"column":33}},"4":{"start":{"line":6,"column":8},"end":{"line":6,"column":65}},"5":{"start":{"line":7,"column":8},"end":{"line":7,"column":71}},"6":{"start":{"line":11,"column":8},"end":{"line":23,"column":9}},"7":{"start":{"line":12,"column":12},"end":{"line":12,"column":95}},"8":{"start":{"line":13,"column":12},"end":{"line":13,"column":53}},"9":{"start":{"line":15,"column":30},"end":{"line":15,"column":32}},"10":{"start":{"line":17,"column":17},"end":{"line":17,"column":106}},"11":{"start":{"line":18,"column":12},"end":{"line":21,"column":13}},"12":{"start":{"line":19,"column":16},"end":{"line":19,"column":61}},"13":{"start":{"line":20,"column":16},"end":{"line":20,"column":85}},"14":{"start":{"line":22,"column":12},"end":{"line":22,"column":66}},"15":{"start":{"line":24,"column":8},"end":{"line":24,"column":20}},"16":{"start":{"line":28,"column":15},"end":{"line":28,"column":17}},"17":{"start":{"line":29,"column":16},"end":{"line":29,"column":21}},"18":{"start":{"line":30,"column":15},"end":{"line":30,"column":44}},"19":{"start":{"line":31,"column":20},"end":{"line":34,"column":7}},"20":{"start":{"line":32,"column":6},"end":{"line":32,"column":56}},"21":{"start":{"line":35,"column":6},"end":{"line":83,"column":7}},"22":{"start":{"line":36,"column":8},"end":{"line":36,"column":21}},"23":{"start":{"line":37,"column":8},"end":{"line":37,"column":128}},"24":{"start":{"line":41,"column":10},"end":{"line":79,"column":11}},"25":{"start":{"line":43,"column":18},"end":{"line":49,"column":28}},"26":{"start":{"line":50,"column":18},"end":{"line":50,"column":24}},"27":{"start":{"line":52,"column":18},"end":{"line":58,"column":28}},"28":{"start":{"line":59,"column":18},"end":{"line":59,"column":24}},"29":{"start":{"line":61,"column":17},"end":{"line":77,"column":19}},"30":{"start":{"line":62,"column":21},"end":{"line":68,"column":32}},"31":{"start":{"line":70,"column":18},"end":{"line":76,"column":32}},"32":{"start":{"line":78,"column":18},"end":{"line":78,"column":24}},"33":{"start":{"line":82,"column":9},"end":{"line":82,"column":20}},"34":{"start":{"line":84,"column":6},"end":{"line":84,"column":20}},"35":{"start":{"line":85,"column":7},"end":{"line":85,"column":24}},"36":{"start":{"line":87,"column":7},"end":{"line":87,"column":18}}},"fnMap":{"0":{"name":"(anonymous_0)","decl":{"start":{"line":3,"column":4},"end":{"line":3,"column":5}},"loc":{"start":{"line":3,"column":87},"end":{"line":8,"column":7}},"line":3},"1":{"name":"(anonymous_1)","decl":{"start":{"line":10,"column":4},"end":{"line":10,"column":5}},"loc":{"start":{"line":10,"column":117},"end":{"line":25,"column":5}},"line":10},"2":{"name":"(anonymous_2)","decl":{"start":{"line":27,"column":0},"end":{"line":27,"column":1}},"loc":{"start":{"line":27,"column":117},"end":{"line":88,"column":5}},"line":27},"3":{"name":"(anonymous_3)","decl":{"start":{"line":31,"column":55},"end":{"line":31,"column":56}},"loc":{"start":{"line":32,"column":6},"end":{"line":32,"column":56}},"line":32}},"branchMap":{"0":{"loc":{"start":{"line":11,"column":8},"end":{"line":23,"column":9}},"type":"if","locations":[{"start":{"line":11,"column":8},"end":{"line":23,"column":9}},{"start":{"line":14,"column":15},"end":{"line":23,"column":9}}],"line":11},"1":{"loc":{"start":{"line":18,"column":12},"end":{"line":21,"column":13}},"type":"if","locations":[{"start":{"line":18,"column":12},"end":{"line":21,"column":13}},{"start":{},"end":{}}],"line":18},"2":{"loc":{"start":{"line":35,"column":6},"end":{"line":83,"column":7}},"type":"if","locations":[{"start":{"line":35,"column":6},"end":{"line":83,"column":7}},{"start":{},"end":{}}],"line":35},"3":{"loc":{"start":{"line":41,"column":10},"end":{"line":79,"column":11}},"type":"switch","locations":[{"start":{"line":42,"column":14},"end":{"line":50,"column":24}},{"start":{"line":51,"column":14},"end":{"line":59,"column":24}},{"start":{"line":60,"column":14},"end":{"line":78,"column":24}}],"line":41},"4":{"loc":{"start":{"line":61,"column":17},"end":{"line":77,"column":19}},"type":"if","locations":[{"start":{"line":61,"column":17},"end":{"line":77,"column":19}},{"start":{"line":69,"column":25},"end":{"line":77,"column":19}}],"line":61}},"s":{"0":2,"1":2,"2":1,"3":1,"4":1,"5":1,"6":1,"7":1,"8":1,"9":0,"10":0,"11":0,"12":0,"13":0,"14":0,"15":1,"16":0,"17":0,"18":0,"19":0,"20":0,"21":0,"22":0,"23":0,"24":0,"25":0,"26":0,"27":0,"28":0,"29":0,"30":0,"31":0,"32":0,"33":0,"34":0,"35":0,"36":0},"f":{"0":1,"1":1,"2":0,"3":0},"b":{"0":[1,0],"1":[0,0],"2":[0,0],"3":[0,0,0],"4":[0,0]},"_coverageSchema":"1a1c01bbd47fc00a2c39e90264f33305004495a9","hash":"63575921a0f461097519f5aad890ddbc5a852e9e"}
,"C:\\Users\\User\\Desktop\\nazar's kitchen\\Chicken_Kitchen\\Chicken_Kitchen\\dataHandlers\\customer.js": {"path":"C:\\Users\\User\\Desktop\\nazar's kitchen\\Chicken_Kitchen\\Chicken_Kitchen\\dataHandlers\\customer.js","statementMap":{"0":{"start":{"line":2,"column":0},"end":{"line":40,"column":1}},"1":{"start":{"line":4,"column":8},"end":{"line":4,"column":77}},"2":{"start":{"line":5,"column":8},"end":{"line":5,"column":64}},"3":{"start":{"line":6,"column":8},"end":{"line":6,"column":33}},"4":{"start":{"line":11,"column":37},"end":{"line":11,"column":39}},"5":{"start":{"line":12,"column":8},"end":{"line":16,"column":121}},"6":{"start":{"line":13,"column":10},"end":{"line":13,"column":72}},"7":{"start":{"line":14,"column":10},"end":{"line":14,"column":62}},"8":{"start":{"line":16,"column":8},"end":{"line":16,"column":121}},"9":{"start":{"line":17,"column":10},"end":{"line":17,"column":39}},"10":{"start":{"line":22,"column":31},"end":{"line":22,"column":33}},"11":{"start":{"line":24,"column":10},"end":{"line":33,"column":11}},"12":{"start":{"line":25,"column":14},"end":{"line":28,"column":15}},"13":{"start":{"line":26,"column":18},"end":{"line":26,"column":76}},"14":{"start":{"line":27,"column":18},"end":{"line":27,"column":39}},"15":{"start":{"line":32,"column":14},"end":{"line":32,"column":41}},"16":{"start":{"line":35,"column":7},"end":{"line":35,"column":70}}},"fnMap":{"0":{"name":"(anonymous_0)","decl":{"start":{"line":3,"column":4},"end":{"line":3,"column":5}},"loc":{"start":{"line":3,"column":40},"end":{"line":8,"column":7}},"line":3},"1":{"name":"(anonymous_1)","decl":{"start":{"line":10,"column":4},"end":{"line":10,"column":5}},"loc":{"start":{"line":10,"column":34},"end":{"line":19,"column":7}},"line":10},"2":{"name":"(anonymous_2)","decl":{"start":{"line":21,"column":6},"end":{"line":21,"column":7}},"loc":{"start":{"line":21,"column":46},"end":{"line":37,"column":7}},"line":21}},"branchMap":{"0":{"loc":{"start":{"line":12,"column":8},"end":{"line":16,"column":121}},"type":"if","locations":[{"start":{"line":12,"column":8},"end":{"line":16,"column":121}},{"start":{"line":16,"column":8},"end":{"line":16,"column":121}}],"line":12},"1":{"loc":{"start":{"line":12,"column":12},"end":{"line":12,"column":91}},"type":"binary-expr","locations":[{"start":{"line":12,"column":12},"end":{"line":12,"column":47}},{"start":{"line":12,"column":51},"end":{"line":12,"column":91}}],"line":12},"2":{"loc":{"start":{"line":24,"column":10},"end":{"line":33,"column":11}},"type":"if","locations":[{"start":{"line":24,"column":10},"end":{"line":33,"column":11}},{"start":{"line":30,"column":14},"end":{"line":33,"column":11}}],"line":24},"3":{"loc":{"start":{"line":25,"column":14},"end":{"line":28,"column":15}},"type":"if","locations":[{"start":{"line":25,"column":14},"end":{"line":28,"column":15}},{"start":{},"end":{}}],"line":25},"4":{"loc":{"start":{"line":25,"column":18},"end":{"line":25,"column":93}},"type":"binary-expr","locations":[{"start":{"line":25,"column":18},"end":{"line":25,"column":51}},{"start":{"line":25,"column":55},"end":{"line":25,"column":93}}],"line":25}},"s":{"0":2,"1":1,"2":1,"3":1,"4":1,"5":1,"6":0,"7":0,"8":1,"9":1,"10":1,"11":1,"12":1,"13":0,"14":0,"15":0,"16":1},"f":{"0":1,"1":1,"2":1},"b":{"0":[0,1],"1":[1,1],"2":[1,0],"3":[0,1],"4":[1,0]},"_coverageSchema":"1a1c01bbd47fc00a2c39e90264f33305004495a9","hash":"9ab8b02437fb4c85109eab0b8a3b4f4b2b5d30aa"}
,"C:\\Users\\User\\Desktop\\nazar's kitchen\\Chicken_Kitchen\\Chicken_Kitchen\\dataHandlers\\customersDataParser.js": {"path":"C:\\Users\\User\\Desktop\\nazar's kitchen\\Chicken_Kitchen\\Chicken_Kitchen\\dataHandlers\\customersDataParser.js","statementMap":{"0":{"start":{"line":1,"column":0},"end":{"line":24,"column":1}},"1":{"start":{"line":3,"column":8},"end":{"line":3,"column":68}},"2":{"start":{"line":4,"column":8},"end":{"line":4,"column":58}},"3":{"start":{"line":8,"column":33},"end":{"line":8,"column":35}},"4":{"start":{"line":9,"column":8},"end":{"line":12,"column":11}},"5":{"start":{"line":10,"column":10},"end":{"line":11,"column":55}},"6":{"start":{"line":13,"column":8},"end":{"line":13,"column":34}},"7":{"start":{"line":17,"column":23},"end":{"line":17,"column":25}},"8":{"start":{"line":18,"column":6},"end":{"line":20,"column":7}},"9":{"start":{"line":19,"column":8},"end":{"line":19,"column":120}},"10":{"start":{"line":21,"column":6},"end":{"line":21,"column":24}}},"fnMap":{"0":{"name":"(anonymous_0)","decl":{"start":{"line":2,"column":4},"end":{"line":2,"column":5}},"loc":{"start":{"line":2,"column":22},"end":{"line":5,"column":7}},"line":2},"1":{"name":"(anonymous_1)","decl":{"start":{"line":7,"column":6},"end":{"line":7,"column":7}},"loc":{"start":{"line":7,"column":41},"end":{"line":14,"column":7}},"line":7},"2":{"name":"(anonymous_2)","decl":{"start":{"line":9,"column":44},"end":{"line":9,"column":45}},"loc":{"start":{"line":9,"column":64},"end":{"line":12,"column":9}},"line":9},"3":{"name":"(anonymous_3)","decl":{"start":{"line":16,"column":6},"end":{"line":16,"column":7}},"loc":{"start":{"line":16,"column":31},"end":{"line":22,"column":5}},"line":16}},"branchMap":{},"s":{"0":2,"1":3,"2":3,"3":1,"4":1,"5":7,"6":1,"7":1,"8":1,"9":7,"10":1},"f":{"0":3,"1":1,"2":7,"3":1},"b":{},"_coverageSchema":"1a1c01bbd47fc00a2c39e90264f33305004495a9","hash":"4a06aa6592eea92e33c5805e06a846613dc4995d"}
,"C:\\Users\\User\\Desktop\\nazar's kitchen\\Chicken_Kitchen\\Chicken_Kitchen\\dataHandlers\\discount .js": {"path":"C:\\Users\\User\\Desktop\\nazar's kitchen\\Chicken_Kitchen\\Chicken_Kitchen\\dataHandlers\\discount .js","statementMap":{"0":{"start":{"line":1,"column":17},"end":{"line":1,"column":55}},"1":{"start":{"line":3,"column":0},"end":{"line":19,"column":1}},"2":{"start":{"line":5,"column":8},"end":{"line":5,"column":25}},"3":{"start":{"line":6,"column":8},"end":{"line":6,"column":31}},"4":{"start":{"line":11,"column":8},"end":{"line":11,"column":25}},"5":{"start":{"line":12,"column":8},"end":{"line":12,"column":50}},"6":{"start":{"line":13,"column":8},"end":{"line":16,"column":9}},"7":{"start":{"line":15,"column":12},"end":{"line":15,"column":23}},"8":{"start":{"line":17,"column":8},"end":{"line":17,"column":20}}},"fnMap":{"0":{"name":"(anonymous_0)","decl":{"start":{"line":4,"column":4},"end":{"line":4,"column":5}},"loc":{"start":{"line":4,"column":17},"end":{"line":8,"column":5}},"line":4},"1":{"name":"(anonymous_1)","decl":{"start":{"line":10,"column":4},"end":{"line":10,"column":5}},"loc":{"start":{"line":10,"column":29},"end":{"line":18,"column":5}},"line":10}},"branchMap":{"0":{"loc":{"start":{"line":13,"column":8},"end":{"line":16,"column":9}},"type":"if","locations":[{"start":{"line":13,"column":8},"end":{"line":16,"column":9}},{"start":{},"end":{}}],"line":13}},"s":{"0":2,"1":2,"2":0,"3":0,"4":0,"5":0,"6":0,"7":0,"8":0},"f":{"0":0,"1":0},"b":{"0":[0,0]},"_coverageSchema":"1a1c01bbd47fc00a2c39e90264f33305004495a9","hash":"127bf05bc0faf01613b22a0737b695fdb41727d1"}
,"C:\\Users\\User\\Desktop\\nazar's kitchen\\Chicken_Kitchen\\Chicken_Kitchen\\dataHandlers\\dish.js": {"path":"C:\\Users\\User\\Desktop\\nazar's kitchen\\Chicken_Kitchen\\Chicken_Kitchen\\dataHandlers\\dish.js","statementMap":{"0":{"start":{"line":1,"column":0},"end":{"line":57,"column":1}},"1":{"start":{"line":3,"column":8},"end":{"line":3,"column":25}},"2":{"start":{"line":4,"column":8},"end":{"line":4,"column":48}},"3":{"start":{"line":5,"column":8},"end":{"line":5,"column":79}},"4":{"start":{"line":6,"column":8},"end":{"line":6,"column":100}},"5":{"start":{"line":11,"column":8},"end":{"line":15,"column":9}},"6":{"start":{"line":12,"column":12},"end":{"line":12,"column":24}},"7":{"start":{"line":14,"column":12},"end":{"line":14,"column":24}},"8":{"start":{"line":19,"column":18},"end":{"line":19,"column":20}},"9":{"start":{"line":20,"column":8},"end":{"line":23,"column":9}},"10":{"start":{"line":21,"column":12},"end":{"line":21,"column":31}},"11":{"start":{"line":22,"column":12},"end":{"line":22,"column":23}},"12":{"start":{"line":24,"column":8},"end":{"line":24,"column":56}},"13":{"start":{"line":25,"column":8},"end":{"line":25,"column":19}},"14":{"start":{"line":29,"column":9},"end":{"line":37,"column":12}},"15":{"start":{"line":30,"column":13},"end":{"line":30,"column":49}},"16":{"start":{"line":31,"column":12},"end":{"line":36,"column":13}},"17":{"start":{"line":33,"column":16},"end":{"line":33,"column":31}},"18":{"start":{"line":35,"column":14},"end":{"line":35,"column":57}},"19":{"start":{"line":42,"column":10},"end":{"line":42,"column":20}},"20":{"start":{"line":43,"column":20},"end":{"line":43,"column":51}},"21":{"start":{"line":44,"column":30},"end":{"line":44,"column":34}},"22":{"start":{"line":45,"column":10},"end":{"line":51,"column":11}},"23":{"start":{"line":45,"column":23},"end":{"line":45,"column":24}},"24":{"start":{"line":46,"column":12},"end":{"line":50,"column":13}},"25":{"start":{"line":47,"column":16},"end":{"line":49,"column":17}},"26":{"start":{"line":48,"column":18},"end":{"line":48,"column":52}},"27":{"start":{"line":52,"column":10},"end":{"line":52,"column":33}}},"fnMap":{"0":{"name":"(anonymous_0)","decl":{"start":{"line":2,"column":4},"end":{"line":2,"column":5}},"loc":{"start":{"line":2,"column":91},"end":{"line":7,"column":7}},"line":2},"1":{"name":"(anonymous_1)","decl":{"start":{"line":10,"column":4},"end":{"line":10,"column":5}},"loc":{"start":{"line":10,"column":33},"end":{"line":16,"column":5}},"line":10},"2":{"name":"(anonymous_2)","decl":{"start":{"line":18,"column":6},"end":{"line":18,"column":7}},"loc":{"start":{"line":18,"column":34},"end":{"line":26,"column":7}},"line":18},"3":{"name":"(anonymous_3)","decl":{"start":{"line":29,"column":53},"end":{"line":29,"column":54}},"loc":{"start":{"line":29,"column":63},"end":{"line":37,"column":11}},"line":29},"4":{"name":"(anonymous_4)","decl":{"start":{"line":41,"column":6},"end":{"line":41,"column":7}},"loc":{"start":{"line":41,"column":23},"end":{"line":53,"column":7}},"line":41}},"branchMap":{"0":{"loc":{"start":{"line":11,"column":8},"end":{"line":15,"column":9}},"type":"if","locations":[{"start":{"line":11,"column":8},"end":{"line":15,"column":9}},{"start":{"line":13,"column":15},"end":{"line":15,"column":9}}],"line":11},"1":{"loc":{"start":{"line":20,"column":8},"end":{"line":23,"column":9}},"type":"if","locations":[{"start":{"line":20,"column":8},"end":{"line":23,"column":9}},{"start":{},"end":{}}],"line":20},"2":{"loc":{"start":{"line":31,"column":12},"end":{"line":36,"column":13}},"type":"if","locations":[{"start":{"line":31,"column":12},"end":{"line":36,"column":13}},{"start":{"line":34,"column":19},"end":{"line":36,"column":13}}],"line":31},"3":{"loc":{"start":{"line":47,"column":16},"end":{"line":49,"column":17}},"type":"if","locations":[{"start":{"line":47,"column":16},"end":{"line":49,"column":17}},{"start":{},"end":{}}],"line":47}},"s":{"0":2,"1":1,"2":1,"3":1,"4":1,"5":2,"6":2,"7":0,"8":2,"9":2,"10":2,"11":2,"12":0,"13":0,"14":0,"15":0,"16":0,"17":0,"18":0,"19":0,"20":0,"21":0,"22":0,"23":0,"24":0,"25":0,"26":0,"27":0},"f":{"0":1,"1":2,"2":2,"3":0,"4":0},"b":{"0":[2,0],"1":[2,0],"2":[0,0],"3":[0,0]},"_coverageSchema":"1a1c01bbd47fc00a2c39e90264f33305004495a9","hash":"1b55ba681f18acc455911cccc4c8aea4d011d538"}
,"C:\\Users\\User\\Desktop\\nazar's kitchen\\Chicken_Kitchen\\Chicken_Kitchen\\dataHandlers\\dishDataParser.js": {"path":"C:\\Users\\User\\Desktop\\nazar's kitchen\\Chicken_Kitchen\\Chicken_Kitchen\\dataHandlers\\dishDataParser.js","statementMap":{"0":{"start":{"line":2,"column":0},"end":{"line":16,"column":1}},"1":{"start":{"line":4,"column":8},"end":{"line":4,"column":41}},"2":{"start":{"line":8,"column":25},"end":{"line":8,"column":27}},"3":{"start":{"line":9,"column":8},"end":{"line":12,"column":9}},"4":{"start":{"line":10,"column":10},"end":{"line":11,"column":53}},"5":{"start":{"line":13,"column":8},"end":{"line":13,"column":25}}},"fnMap":{"0":{"name":"(anonymous_0)","decl":{"start":{"line":3,"column":4},"end":{"line":3,"column":5}},"loc":{"start":{"line":3,"column":22},"end":{"line":5,"column":7}},"line":3},"1":{"name":"(anonymous_1)","decl":{"start":{"line":7,"column":4},"end":{"line":7,"column":5}},"loc":{"start":{"line":7,"column":29},"end":{"line":14,"column":5}},"line":7}},"branchMap":{},"s":{"0":2,"1":3,"2":1,"3":1,"4":13,"5":1},"f":{"0":3,"1":1},"b":{},"_coverageSchema":"1a1c01bbd47fc00a2c39e90264f33305004495a9","hash":"da6f71c4b7f2f5c84cfc205531d67b994c293d39"}
,"C:\\Users\\User\\Desktop\\nazar's kitchen\\Chicken_Kitchen\\Chicken_Kitchen\\dataHandlers\\handleCustomersDataClass.js": {"path":"C:\\Users\\User\\Desktop\\nazar's kitchen\\Chicken_Kitchen\\Chicken_Kitchen\\dataHandlers\\handleCustomersDataClass.js","statementMap":{"0":{"start":{"line":3,"column":29},"end":{"line":3,"column":31}},"1":{"start":{"line":4,"column":4},"end":{"line":7,"column":7}},"2":{"start":{"line":5,"column":6},"end":{"line":6,"column":48}},"3":{"start":{"line":8,"column":4},"end":{"line":8,"column":30}},"4":{"start":{"line":12,"column":26},"end":{"line":12,"column":46}},"5":{"start":{"line":14,"column":0},"end":{"line":14,"column":35}}},"fnMap":{"0":{"name":"(anonymous_0)","decl":{"start":{"line":2,"column":2},"end":{"line":2,"column":3}},"loc":{"start":{"line":2,"column":63},"end":{"line":9,"column":3}},"line":2},"1":{"name":"(anonymous_1)","decl":{"start":{"line":4,"column":37},"end":{"line":4,"column":38}},"loc":{"start":{"line":4,"column":57},"end":{"line":7,"column":5}},"line":4}},"branchMap":{},"s":{"0":4,"1":4,"2":28,"3":4,"4":3,"5":3},"f":{"0":4,"1":28},"b":{},"_coverageSchema":"1a1c01bbd47fc00a2c39e90264f33305004495a9","hash":"856741fa471e6c002456e2553f3fba6d1a215502"}
,"C:\\Users\\User\\Desktop\\nazar's kitchen\\Chicken_Kitchen\\Chicken_Kitchen\\dataHandlers\\handleIAllDatasFromFiles.js": {"path":"C:\\Users\\User\\Desktop\\nazar's kitchen\\Chicken_Kitchen\\Chicken_Kitchen\\dataHandlers\\handleIAllDatasFromFiles.js","statementMap":{"0":{"start":{"line":1,"column":17},"end":{"line":1,"column":55}},"1":{"start":{"line":2,"column":24},"end":{"line":2,"column":65}},"2":{"start":{"line":3,"column":24},"end":{"line":3,"column":74}},"3":{"start":{"line":4,"column":26},"end":{"line":4,"column":77}},"4":{"start":{"line":6,"column":17},"end":{"line":73,"column":1}},"5":{"start":{"line":9,"column":26},"end":{"line":9,"column":80}},"6":{"start":{"line":10,"column":35},"end":{"line":10,"column":98}},"7":{"start":{"line":11,"column":22},"end":{"line":11,"column":72}},"8":{"start":{"line":13,"column":23},"end":{"line":13,"column":76}},"9":{"start":{"line":14,"column":22},"end":{"line":14,"column":74}},"10":{"start":{"line":16,"column":27},"end":{"line":16,"column":88}},"11":{"start":{"line":19,"column":20},"end":{"line":21,"column":3}},"12":{"start":{"line":23,"column":29},"end":{"line":25,"column":3}},"13":{"start":{"line":27,"column":26},"end":{"line":29,"column":3}},"14":{"start":{"line":31,"column":26},"end":{"line":33,"column":3}},"15":{"start":{"line":35,"column":35},"end":{"line":37,"column":3}},"16":{"start":{"line":39,"column":28},"end":{"line":41,"column":3}},"17":{"start":{"line":43,"column":29},"end":{"line":45,"column":3}},"18":{"start":{"line":48,"column":4},"end":{"line":48,"column":55}},"19":{"start":{"line":50,"column":4},"end":{"line":52,"column":5}},"20":{"start":{"line":54,"column":2},"end":{"line":72,"column":5}},"21":{"start":{"line":75,"column":0},"end":{"line":75,"column":26}}},"fnMap":{"0":{"name":"(anonymous_0)","decl":{"start":{"line":6,"column":17},"end":{"line":6,"column":18}},"loc":{"start":{"line":6,"column":29},"end":{"line":73,"column":1}},"line":6}},"branchMap":{},"s":{"0":2,"1":2,"2":2,"3":2,"4":2,"5":3,"6":3,"7":3,"8":3,"9":3,"10":3,"11":3,"12":3,"13":3,"14":3,"15":3,"16":3,"17":3,"18":3,"19":3,"20":3,"21":2},"f":{"0":3},"b":{},"_coverageSchema":"1a1c01bbd47fc00a2c39e90264f33305004495a9","hash":"dea3dae7f32a49dcb579fbc26c95cc8acf8a59ef"}
,"C:\\Users\\User\\Desktop\\nazar's kitchen\\Chicken_Kitchen\\Chicken_Kitchen\\dataHandlers\\handleWarehousDataClass.js": {"path":"C:\\Users\\User\\Desktop\\nazar's kitchen\\Chicken_Kitchen\\Chicken_Kitchen\\dataHandlers\\handleWarehousDataClass.js","statementMap":{"0":{"start":{"line":6,"column":29},"end":{"line":6,"column":53}},"1":{"start":{"line":7,"column":27},"end":{"line":7,"column":29}},"2":{"start":{"line":8,"column":17},"end":{"line":10,"column":6}},"3":{"start":{"line":9,"column":6},"end":{"line":9,"column":27}},"4":{"start":{"line":11,"column":19},"end":{"line":13,"column":6}},"5":{"start":{"line":12,"column":6},"end":{"line":12,"column":28}},"6":{"start":{"line":14,"column":23},"end":{"line":16,"column":6}},"7":{"start":{"line":15,"column":6},"end":{"line":15,"column":47}},"8":{"start":{"line":17,"column":4},"end":{"line":17,"column":27}},"9":{"start":{"line":23,"column":28},"end":{"line":23,"column":46}},"10":{"start":{"line":25,"column":0},"end":{"line":25,"column":33}}},"fnMap":{"0":{"name":"(anonymous_0)","decl":{"start":{"line":4,"column":0},"end":{"line":4,"column":1}},"loc":{"start":{"line":4,"column":36},"end":{"line":18,"column":5}},"line":4},"1":{"name":"(anonymous_1)","decl":{"start":{"line":8,"column":43},"end":{"line":8,"column":44}},"loc":{"start":{"line":8,"column":60},"end":{"line":10,"column":5}},"line":8},"2":{"name":"(anonymous_2)","decl":{"start":{"line":11,"column":45},"end":{"line":11,"column":46}},"loc":{"start":{"line":11,"column":62},"end":{"line":13,"column":5}},"line":11},"3":{"name":"(anonymous_3)","decl":{"start":{"line":14,"column":36},"end":{"line":14,"column":37}},"loc":{"start":{"line":14,"column":56},"end":{"line":16,"column":5}},"line":14}},"branchMap":{},"s":{"0":3,"1":3,"2":3,"3":174,"4":3,"5":174,"6":3,"7":87,"8":3,"9":2,"10":2},"f":{"0":3,"1":174,"2":174,"3":87},"b":{},"_coverageSchema":"1a1c01bbd47fc00a2c39e90264f33305004495a9","hash":"5df7c1572d72c1f1492eecb15602d46065c7c847"}
,"C:\\Users\\User\\Desktop\\nazar's kitchen\\Chicken_Kitchen\\Chicken_Kitchen\\dataHandlers\\ingridientsPricesParser.js": {"path":"C:\\Users\\User\\Desktop\\nazar's kitchen\\Chicken_Kitchen\\Chicken_Kitchen\\dataHandlers\\ingridientsPricesParser.js","statementMap":{"0":{"start":{"line":1,"column":0},"end":{"line":13,"column":1}},"1":{"start":{"line":3,"column":8},"end":{"line":3,"column":56}},"2":{"start":{"line":6,"column":36},"end":{"line":6,"column":38}},"3":{"start":{"line":7,"column":8},"end":{"line":10,"column":9}},"4":{"start":{"line":8,"column":10},"end":{"line":9,"column":58}},"5":{"start":{"line":11,"column":8},"end":{"line":11,"column":36}}},"fnMap":{"0":{"name":"(anonymous_0)","decl":{"start":{"line":2,"column":4},"end":{"line":2,"column":5}},"loc":{"start":{"line":2,"column":22},"end":{"line":4,"column":7}},"line":2},"1":{"name":"(anonymous_1)","decl":{"start":{"line":5,"column":6},"end":{"line":5,"column":7}},"loc":{"start":{"line":5,"column":32},"end":{"line":12,"column":5}},"line":5}},"branchMap":{},"s":{"0":2,"1":3,"2":1,"3":1,"4":16,"5":1},"f":{"0":3,"1":1},"b":{},"_coverageSchema":"1a1c01bbd47fc00a2c39e90264f33305004495a9","hash":"1e0eec857e2b4fde0e1b9103e340a1e245ab14bf"}
,"C:\\Users\\User\\Desktop\\nazar's kitchen\\Chicken_Kitchen\\Chicken_Kitchen\\dataHandlers\\inputDataParser.js": {"path":"C:\\Users\\User\\Desktop\\nazar's kitchen\\Chicken_Kitchen\\Chicken_Kitchen\\dataHandlers\\inputDataParser.js","statementMap":{"0":{"start":{"line":1,"column":0},"end":{"line":22,"column":1}},"1":{"start":{"line":3,"column":6},"end":{"line":3,"column":33}},"2":{"start":{"line":7,"column":18},"end":{"line":7,"column":41}},"3":{"start":{"line":8,"column":29},"end":{"line":8,"column":31}},"4":{"start":{"line":9,"column":28},"end":{"line":9,"column":30}},"5":{"start":{"line":10,"column":32},"end":{"line":10,"column":34}},"6":{"start":{"line":11,"column":28},"end":{"line":11,"column":30}},"7":{"start":{"line":12,"column":7},"end":{"line":19,"column":8}},"8":{"start":{"line":12,"column":20},"end":{"line":12,"column":21}},"9":{"start":{"line":13,"column":10},"end":{"line":13,"column":55}},"10":{"start":{"line":14,"column":27},"end":{"line":14,"column":53}},"11":{"start":{"line":15,"column":11},"end":{"line":15,"column":84}},"12":{"start":{"line":16,"column":29},"end":{"line":16,"column":108}},"13":{"start":{"line":17,"column":36},"end":{"line":17,"column":77}},"14":{"start":{"line":18,"column":11},"end":{"line":18,"column":52}},"15":{"start":{"line":20,"column":6},"end":{"line":20,"column":26}}},"fnMap":{"0":{"name":"(anonymous_0)","decl":{"start":{"line":2,"column":2},"end":{"line":2,"column":3}},"loc":{"start":{"line":2,"column":20},"end":{"line":4,"column":5}},"line":2},"1":{"name":"(anonymous_1)","decl":{"start":{"line":6,"column":2},"end":{"line":6,"column":3}},"loc":{"start":{"line":6,"column":21},"end":{"line":21,"column":3}},"line":6}},"branchMap":{},"s":{"0":2,"1":3,"2":3,"3":3,"4":3,"5":3,"6":3,"7":3,"8":3,"9":30,"10":30,"11":30,"12":30,"13":30,"14":30,"15":3},"f":{"0":3,"1":3},"b":{},"_coverageSchema":"1a1c01bbd47fc00a2c39e90264f33305004495a9","hash":"f8d11d5fa3ec0204b5a35ecf309068f3a43b9c44"}
,"C:\\Users\\User\\Desktop\\nazar's kitchen\\Chicken_Kitchen\\Chicken_Kitchen\\dataHandlers\\tax.js": {"path":"C:\\Users\\User\\Desktop\\nazar's kitchen\\Chicken_Kitchen\\Chicken_Kitchen\\dataHandlers\\tax.js","statementMap":{"0":{"start":{"line":1,"column":17},"end":{"line":1,"column":55}},"1":{"start":{"line":3,"column":0},"end":{"line":36,"column":2}},"2":{"start":{"line":5,"column":4},"end":{"line":5,"column":41}},"3":{"start":{"line":6,"column":4},"end":{"line":6,"column":49}},"4":{"start":{"line":7,"column":4},"end":{"line":7,"column":53}},"5":{"start":{"line":8,"column":4},"end":{"line":8,"column":38}},"6":{"start":{"line":9,"column":4},"end":{"line":9,"column":32}},"7":{"start":{"line":13,"column":4},"end":{"line":31,"column":5}},"8":{"start":{"line":17,"column":8},"end":{"line":17,"column":44}},"9":{"start":{"line":18,"column":8},"end":{"line":18,"column":38}},"10":{"start":{"line":21,"column":8},"end":{"line":22,"column":53}},"11":{"start":{"line":23,"column":8},"end":{"line":29,"column":10}},"12":{"start":{"line":32,"column":6},"end":{"line":32,"column":116}}},"fnMap":{"0":{"name":"(anonymous_0)","decl":{"start":{"line":4,"column":2},"end":{"line":4,"column":3}},"loc":{"start":{"line":4,"column":72},"end":{"line":10,"column":3}},"line":4},"1":{"name":"(anonymous_1)","decl":{"start":{"line":11,"column":2},"end":{"line":11,"column":3}},"loc":{"start":{"line":11,"column":28},"end":{"line":34,"column":3}},"line":11}},"branchMap":{"0":{"loc":{"start":{"line":13,"column":4},"end":{"line":31,"column":5}},"type":"if","locations":[{"start":{"line":13,"column":4},"end":{"line":31,"column":5}},{"start":{"line":20,"column":11},"end":{"line":31,"column":5}}],"line":13},"1":{"loc":{"start":{"line":14,"column":6},"end":{"line":15,"column":36}},"type":"binary-expr","locations":[{"start":{"line":14,"column":6},"end":{"line":14,"column":30}},{"start":{"line":15,"column":6},"end":{"line":15,"column":36}}],"line":14}},"s":{"0":2,"1":2,"2":0,"3":0,"4":0,"5":0,"6":0,"7":0,"8":0,"9":0,"10":0,"11":0,"12":0},"f":{"0":0,"1":0},"b":{"0":[0,0],"1":[0,0]},"_coverageSchema":"1a1c01bbd47fc00a2c39e90264f33305004495a9","hash":"992edd2afba5180ae57d7897104bf55c2bdbb0d5"}
,"C:\\Users\\User\\Desktop\\nazar's kitchen\\Chicken_Kitchen\\Chicken_Kitchen\\dataHandlers\\warehousCalculation.js": {"path":"C:\\Users\\User\\Desktop\\nazar's kitchen\\Chicken_Kitchen\\Chicken_Kitchen\\dataHandlers\\warehousCalculation.js","statementMap":{"0":{"start":{"line":1,"column":0},"end":{"line":47,"column":1}},"1":{"start":{"line":3,"column":8},"end":{"line":3,"column":27}},"2":{"start":{"line":5,"column":8},"end":{"line":5,"column":65}},"3":{"start":{"line":10,"column":10},"end":{"line":10,"column":20}},"4":{"start":{"line":11,"column":10},"end":{"line":11,"column":39}},"5":{"start":{"line":12,"column":8},"end":{"line":24,"column":9}},"6":{"start":{"line":14,"column":12},"end":{"line":14,"column":59}},"7":{"start":{"line":15,"column":10},"end":{"line":15,"column":26}},"8":{"start":{"line":18,"column":12},"end":{"line":23,"column":13}},"9":{"start":{"line":18,"column":24},"end":{"line":18,"column":25}},"10":{"start":{"line":20,"column":16},"end":{"line":22,"column":17}},"11":{"start":{"line":21,"column":20},"end":{"line":21,"column":111}},"12":{"start":{"line":25,"column":10},"end":{"line":25,"column":27}},"13":{"start":{"line":29,"column":8},"end":{"line":44,"column":9}},"14":{"start":{"line":30,"column":12},"end":{"line":30,"column":39}},"15":{"start":{"line":31,"column":12},"end":{"line":31,"column":73}},"16":{"start":{"line":32,"column":10},"end":{"line":32,"column":31}},"17":{"start":{"line":34,"column":12},"end":{"line":34,"column":46}},"18":{"start":{"line":35,"column":12},"end":{"line":43,"column":13}},"19":{"start":{"line":35,"column":24},"end":{"line":35,"column":25}},"20":{"start":{"line":36,"column":16},"end":{"line":36,"column":71}},"21":{"start":{"line":37,"column":16},"end":{"line":42,"column":17}},"22":{"start":{"line":38,"column":20},"end":{"line":38,"column":105}},"23":{"start":{"line":39,"column":20},"end":{"line":39,"column":47}},"24":{"start":{"line":40,"column":17},"end":{"line":40,"column":39}}},"fnMap":{"0":{"name":"(anonymous_0)","decl":{"start":{"line":2,"column":4},"end":{"line":2,"column":5}},"loc":{"start":{"line":2,"column":49},"end":{"line":7,"column":7}},"line":2},"1":{"name":"(anonymous_1)","decl":{"start":{"line":9,"column":6},"end":{"line":9,"column":7}},"loc":{"start":{"line":9,"column":39},"end":{"line":26,"column":5}},"line":9},"2":{"name":"(anonymous_2)","decl":{"start":{"line":28,"column":4},"end":{"line":28,"column":5}},"loc":{"start":{"line":28,"column":26},"end":{"line":45,"column":5}},"line":28}},"branchMap":{"0":{"loc":{"start":{"line":12,"column":8},"end":{"line":24,"column":9}},"type":"if","locations":[{"start":{"line":12,"column":8},"end":{"line":24,"column":9}},{"start":{"line":16,"column":15},"end":{"line":24,"column":9}}],"line":12},"1":{"loc":{"start":{"line":20,"column":16},"end":{"line":22,"column":17}},"type":"if","locations":[{"start":{"line":20,"column":16},"end":{"line":22,"column":17}},{"start":{},"end":{}}],"line":20},"2":{"loc":{"start":{"line":29,"column":8},"end":{"line":44,"column":9}},"type":"if","locations":[{"start":{"line":29,"column":8},"end":{"line":44,"column":9}},{"start":{"line":33,"column":15},"end":{"line":44,"column":9}}],"line":29},"3":{"loc":{"start":{"line":37,"column":16},"end":{"line":42,"column":17}},"type":"if","locations":[{"start":{"line":37,"column":16},"end":{"line":42,"column":17}},{"start":{},"end":{}}],"line":37}},"s":{"0":2,"1":1,"2":1,"3":1,"4":1,"5":1,"6":1,"7":1,"8":0,"9":0,"10":0,"11":0,"12":0,"13":0,"14":0,"15":0,"16":0,"17":0,"18":0,"19":0,"20":0,"21":0,"22":0,"23":0,"24":0},"f":{"0":1,"1":1,"2":0},"b":{"0":[1,0],"1":[0,0],"2":[0,0],"3":[0,0]},"_coverageSchema":"1a1c01bbd47fc00a2c39e90264f33305004495a9","hash":"ee858999be558bb1b3dba401b1f32123c02fc21b"}
,"C:\\Users\\User\\Desktop\\nazar's kitchen\\Chicken_Kitchen\\Chicken_Kitchen\\dataHandlers\\warehousDataParser.js": {"path":"C:\\Users\\User\\Desktop\\nazar's kitchen\\Chicken_Kitchen\\Chicken_Kitchen\\dataHandlers\\warehousDataParser.js","statementMap":{"0":{"start":{"line":1,"column":0},"end":{"line":20,"column":1}},"1":{"start":{"line":3,"column":8},"end":{"line":3,"column":38}},"2":{"start":{"line":6,"column":35},"end":{"line":6,"column":56}},"3":{"start":{"line":7,"column":33},"end":{"line":7,"column":35}},"4":{"start":{"line":8,"column":23},"end":{"line":10,"column":12}},"5":{"start":{"line":9,"column":12},"end":{"line":9,"column":33}},"6":{"start":{"line":11,"column":25},"end":{"line":13,"column":12}},"7":{"start":{"line":12,"column":12},"end":{"line":12,"column":34}},"8":{"start":{"line":14,"column":29},"end":{"line":16,"column":12}},"9":{"start":{"line":15,"column":12},"end":{"line":15,"column":53}},"10":{"start":{"line":17,"column":10},"end":{"line":17,"column":39}},"11":{"start":{"line":18,"column":10},"end":{"line":18,"column":33}}},"fnMap":{"0":{"name":"(anonymous_0)","decl":{"start":{"line":2,"column":4},"end":{"line":2,"column":5}},"loc":{"start":{"line":2,"column":22},"end":{"line":4,"column":7}},"line":2},"1":{"name":"(anonymous_1)","decl":{"start":{"line":5,"column":6},"end":{"line":5,"column":7}},"loc":{"start":{"line":5,"column":27},"end":{"line":19,"column":11}},"line":5},"2":{"name":"(anonymous_2)","decl":{"start":{"line":8,"column":49},"end":{"line":8,"column":50}},"loc":{"start":{"line":8,"column":66},"end":{"line":10,"column":11}},"line":8},"3":{"name":"(anonymous_3)","decl":{"start":{"line":11,"column":51},"end":{"line":11,"column":52}},"loc":{"start":{"line":11,"column":68},"end":{"line":13,"column":11}},"line":11},"4":{"name":"(anonymous_4)","decl":{"start":{"line":14,"column":42},"end":{"line":14,"column":43}},"loc":{"start":{"line":14,"column":62},"end":{"line":16,"column":11}},"line":14}},"branchMap":{},"s":{"0":2,"1":3,"2":3,"3":3,"4":3,"5":102,"6":3,"7":102,"8":3,"9":51,"10":3,"11":3},"f":{"0":3,"1":3,"2":102,"3":102,"4":51},"b":{},"_coverageSchema":"1a1c01bbd47fc00a2c39e90264f33305004495a9","hash":"f71e4d0747f40f6e1737d7e57217e3c84156c151"}
,"C:\\Users\\User\\Desktop\\nazar's kitchen\\Chicken_Kitchen\\Chicken_Kitchen\\helpers\\actionClass.js": {"path":"C:\\Users\\User\\Desktop\\nazar's kitchen\\Chicken_Kitchen\\Chicken_Kitchen\\helpers\\actionClass.js","statementMap":{"0":{"start":{"line":1,"column":13},"end":{"line":1,"column":47}},"1":{"start":{"line":2,"column":17},"end":{"line":2,"column":55}},"2":{"start":{"line":3,"column":17},"end":{"line":3,"column":55}},"3":{"start":{"line":4,"column":28},"end":{"line":4,"column":77}},"4":{"start":{"line":5,"column":23},"end":{"line":5,"column":59}},"5":{"start":{"line":6,"column":12},"end":{"line":6,"column":42}},"6":{"start":{"line":9,"column":0},"end":{"line":335,"column":2}},"7":{"start":{"line":24,"column":4},"end":{"line":24,"column":49}},"8":{"start":{"line":25,"column":4},"end":{"line":25,"column":67}},"9":{"start":{"line":26,"column":4},"end":{"line":26,"column":41}},"10":{"start":{"line":27,"column":4},"end":{"line":27,"column":49}},"11":{"start":{"line":28,"column":4},"end":{"line":28,"column":46}},"12":{"start":{"line":29,"column":4},"end":{"line":29,"column":45}},"13":{"start":{"line":30,"column":4},"end":{"line":30,"column":46}},"14":{"start":{"line":31,"column":4},"end":{"line":31,"column":44}},"15":{"start":{"line":32,"column":4},"end":{"line":32,"column":32}},"16":{"start":{"line":33,"column":4},"end":{"line":33,"column":26}},"17":{"start":{"line":34,"column":4},"end":{"line":34,"column":30}},"18":{"start":{"line":35,"column":4},"end":{"line":35,"column":27}},"19":{"start":{"line":36,"column":4},"end":{"line":36,"column":49}},"20":{"start":{"line":37,"column":4},"end":{"line":37,"column":34}},"21":{"start":{"line":39,"column":4},"end":{"line":39,"column":44}},"22":{"start":{"line":40,"column":4},"end":{"line":40,"column":63}},"23":{"start":{"line":41,"column":4},"end":{"line":41,"column":36}},"24":{"start":{"line":47,"column":23},"end":{"line":47,"column":70}},"25":{"start":{"line":48,"column":23},"end":{"line":48,"column":24}},"26":{"start":{"line":49,"column":27},"end":{"line":49,"column":28}},"27":{"start":{"line":50,"column":4},"end":{"line":138,"column":5}},"28":{"start":{"line":50,"column":20},"end":{"line":50,"column":21}},"29":{"start":{"line":52,"column":17},"end":{"line":52,"column":31}},"30":{"start":{"line":53,"column":19},"end":{"line":53,"column":30}},"31":{"start":{"line":54,"column":21},"end":{"line":54,"column":35}},"32":{"start":{"line":55,"column":25},"end":{"line":55,"column":53}},"33":{"start":{"line":56,"column":23},"end":{"line":61,"column":7}},"34":{"start":{"line":62,"column":27},"end":{"line":62,"column":74}},"35":{"start":{"line":63,"column":27},"end":{"line":63,"column":87}},"36":{"start":{"line":64,"column":27},"end":{"line":64,"column":140}},"37":{"start":{"line":66,"column":6},"end":{"line":118,"column":7}},"38":{"start":{"line":75,"column":28},"end":{"line":75,"column":123}},"39":{"start":{"line":76,"column":29},"end":{"line":76,"column":106}},"40":{"start":{"line":77,"column":35},"end":{"line":77,"column":78}},"41":{"start":{"line":78,"column":25},"end":{"line":78,"column":147}},"42":{"start":{"line":79,"column":8},"end":{"line":81,"column":13}},"43":{"start":{"line":80,"column":50},"end":{"line":80,"column":134}},"44":{"start":{"line":82,"column":50},"end":{"line":82,"column":76}},"45":{"start":{"line":83,"column":8},"end":{"line":83,"column":79}},"46":{"start":{"line":85,"column":34},"end":{"line":85,"column":144}},"47":{"start":{"line":86,"column":8},"end":{"line":86,"column":52}},"48":{"start":{"line":87,"column":32},"end":{"line":87,"column":121}},"49":{"start":{"line":89,"column":8},"end":{"line":89,"column":86}},"50":{"start":{"line":90,"column":8},"end":{"line":94,"column":9}},"51":{"start":{"line":91,"column":10},"end":{"line":91,"column":124}},"52":{"start":{"line":92,"column":10},"end":{"line":92,"column":61}},"53":{"start":{"line":93,"column":10},"end":{"line":93,"column":57}},"54":{"start":{"line":98,"column":11},"end":{"line":118,"column":7}},"55":{"start":{"line":105,"column":21},"end":{"line":107,"column":56}},"56":{"start":{"line":109,"column":8},"end":{"line":109,"column":53}},"57":{"start":{"line":111,"column":8},"end":{"line":111,"column":32}},"58":{"start":{"line":113,"column":11},"end":{"line":118,"column":7}},"59":{"start":{"line":114,"column":21},"end":{"line":115,"column":75}},"60":{"start":{"line":116,"column":8},"end":{"line":116,"column":53}},"61":{"start":{"line":117,"column":8},"end":{"line":117,"column":60}},"62":{"start":{"line":119,"column":27},"end":{"line":119,"column":94}},"63":{"start":{"line":120,"column":6},"end":{"line":120,"column":86}},"64":{"start":{"line":121,"column":6},"end":{"line":137,"column":7}},"65":{"start":{"line":123,"column":28},"end":{"line":123,"column":91}},"66":{"start":{"line":124,"column":34},"end":{"line":126,"column":59}},"67":{"start":{"line":128,"column":8},"end":{"line":134,"column":10}},"68":{"start":{"line":135,"column":8},"end":{"line":135,"column":52}},"69":{"start":{"line":136,"column":8},"end":{"line":136,"column":32}},"70":{"start":{"line":139,"column":4},"end":{"line":139,"column":25}},"71":{"start":{"line":140,"column":4},"end":{"line":140,"column":34}},"72":{"start":{"line":141,"column":4},"end":{"line":141,"column":28}},"73":{"start":{"line":146,"column":4},"end":{"line":150,"column":5}},"74":{"start":{"line":147,"column":6},"end":{"line":147,"column":18}},"75":{"start":{"line":149,"column":6},"end":{"line":149,"column":18}},"76":{"start":{"line":154,"column":19},"end":{"line":154,"column":20}},"77":{"start":{"line":155,"column":4},"end":{"line":157,"column":7}},"78":{"start":{"line":156,"column":6},"end":{"line":156,"column":33}},"79":{"start":{"line":158,"column":4},"end":{"line":158,"column":20}},"80":{"start":{"line":163,"column":21},"end":{"line":167,"column":5}},"81":{"start":{"line":168,"column":20},"end":{"line":168,"column":38}},"82":{"start":{"line":170,"column":35},"end":{"line":170,"column":75}},"83":{"start":{"line":171,"column":29},"end":{"line":171,"column":63}},"84":{"start":{"line":173,"column":19},"end":{"line":173,"column":20}},"85":{"start":{"line":174,"column":17},"end":{"line":174,"column":18}},"86":{"start":{"line":176,"column":26},"end":{"line":176,"column":61}},"87":{"start":{"line":178,"column":35},"end":{"line":178,"column":67}},"88":{"start":{"line":182,"column":4},"end":{"line":186,"column":5}},"89":{"start":{"line":183,"column":6},"end":{"line":183,"column":57}},"90":{"start":{"line":185,"column":6},"end":{"line":185,"column":52}},"91":{"start":{"line":190,"column":4},"end":{"line":193,"column":5}},"92":{"start":{"line":191,"column":6},"end":{"line":191,"column":36}},"93":{"start":{"line":192,"column":6},"end":{"line":192,"column":82}},"94":{"start":{"line":195,"column":4},"end":{"line":201,"column":5}},"95":{"start":{"line":196,"column":6},"end":{"line":196,"column":19}},"96":{"start":{"line":197,"column":6},"end":{"line":197,"column":36}},"97":{"start":{"line":198,"column":6},"end":{"line":198,"column":37}},"98":{"start":{"line":199,"column":6},"end":{"line":199,"column":78}},"99":{"start":{"line":200,"column":6},"end":{"line":200,"column":24}},"100":{"start":{"line":203,"column":4},"end":{"line":213,"column":5}},"101":{"start":{"line":205,"column":23},"end":{"line":205,"column":93}},"102":{"start":{"line":206,"column":6},"end":{"line":209,"column":7}},"103":{"start":{"line":207,"column":8},"end":{"line":207,"column":39}},"104":{"start":{"line":208,"column":8},"end":{"line":208,"column":30}},"105":{"start":{"line":210,"column":6},"end":{"line":210,"column":33}},"106":{"start":{"line":211,"column":6},"end":{"line":211,"column":37}},"107":{"start":{"line":212,"column":6},"end":{"line":212,"column":59}},"108":{"start":{"line":215,"column":4},"end":{"line":215,"column":31}},"109":{"start":{"line":216,"column":4},"end":{"line":216,"column":35}},"110":{"start":{"line":217,"column":4},"end":{"line":217,"column":22}},"111":{"start":{"line":222,"column":22},"end":{"line":222,"column":44}},"112":{"start":{"line":223,"column":26},"end":{"line":226,"column":5}},"113":{"start":{"line":227,"column":19},"end":{"line":227,"column":56}},"114":{"start":{"line":229,"column":4},"end":{"line":232,"column":5}},"115":{"start":{"line":230,"column":6},"end":{"line":230,"column":48}},"116":{"start":{"line":231,"column":6},"end":{"line":231,"column":29}},"117":{"start":{"line":233,"column":4},"end":{"line":237,"column":5}},"118":{"start":{"line":234,"column":6},"end":{"line":234,"column":35}},"119":{"start":{"line":235,"column":6},"end":{"line":235,"column":50}},"120":{"start":{"line":236,"column":6},"end":{"line":236,"column":29}},"121":{"start":{"line":238,"column":4},"end":{"line":247,"column":5}},"122":{"start":{"line":239,"column":6},"end":{"line":239,"column":55}},"123":{"start":{"line":240,"column":6},"end":{"line":240,"column":29}},"124":{"start":{"line":241,"column":11},"end":{"line":247,"column":5}},"125":{"start":{"line":242,"column":6},"end":{"line":242,"column":49}},"126":{"start":{"line":243,"column":6},"end":{"line":243,"column":29}},"127":{"start":{"line":245,"column":6},"end":{"line":245,"column":62}},"128":{"start":{"line":246,"column":6},"end":{"line":246,"column":29}},"129":{"start":{"line":249,"column":4},"end":{"line":251,"column":5}},"130":{"start":{"line":252,"column":4},"end":{"line":252,"column":27}},"131":{"start":{"line":256,"column":21},"end":{"line":256,"column":54}},"132":{"start":{"line":258,"column":26},"end":{"line":258,"column":28}},"133":{"start":{"line":259,"column":21},"end":{"line":259,"column":23}},"134":{"start":{"line":260,"column":4},"end":{"line":260,"column":23}},"135":{"start":{"line":261,"column":4},"end":{"line":286,"column":7}},"136":{"start":{"line":262,"column":27},"end":{"line":262,"column":34}},"137":{"start":{"line":263,"column":31},"end":{"line":263,"column":38}},"138":{"start":{"line":266,"column":6},"end":{"line":266,"column":82}},"139":{"start":{"line":267,"column":6},"end":{"line":267,"column":52}},"140":{"start":{"line":269,"column":6},"end":{"line":269,"column":81}},"141":{"start":{"line":270,"column":6},"end":{"line":270,"column":47}},"142":{"start":{"line":272,"column":28},"end":{"line":272,"column":102}},"143":{"start":{"line":273,"column":36},"end":{"line":273,"column":72}},"144":{"start":{"line":274,"column":6},"end":{"line":277,"column":7}},"145":{"start":{"line":276,"column":8},"end":{"line":276,"column":84}},"146":{"start":{"line":278,"column":38},"end":{"line":278,"column":114}},"147":{"start":{"line":279,"column":6},"end":{"line":279,"column":106}},"148":{"start":{"line":280,"column":6},"end":{"line":284,"column":7}},"149":{"start":{"line":281,"column":8},"end":{"line":281,"column":64}},"150":{"start":{"line":283,"column":8},"end":{"line":283,"column":105}},"151":{"start":{"line":288,"column":23},"end":{"line":288,"column":70}},"152":{"start":{"line":289,"column":17},"end":{"line":291,"column":83}},"153":{"start":{"line":292,"column":4},"end":{"line":297,"column":6}},"154":{"start":{"line":302,"column":21},"end":{"line":302,"column":54}},"155":{"start":{"line":303,"column":6},"end":{"line":309,"column":7}},"156":{"start":{"line":304,"column":8},"end":{"line":304,"column":44}},"157":{"start":{"line":305,"column":13},"end":{"line":309,"column":7}},"158":{"start":{"line":306,"column":8},"end":{"line":306,"column":45}},"159":{"start":{"line":307,"column":13},"end":{"line":309,"column":7}},"160":{"start":{"line":308,"column":8},"end":{"line":308,"column":62}},"161":{"start":{"line":308,"column":25},"end":{"line":308,"column":62}},"162":{"start":{"line":310,"column":6},"end":{"line":310,"column":57}},"163":{"start":{"line":314,"column":21},"end":{"line":314,"column":54}},"164":{"start":{"line":315,"column":26},"end":{"line":315,"column":28}},"165":{"start":{"line":316,"column":6},"end":{"line":332,"column":9}},"166":{"start":{"line":317,"column":8},"end":{"line":323,"column":11}},"167":{"start":{"line":318,"column":10},"end":{"line":322,"column":11}},"168":{"start":{"line":324,"column":8},"end":{"line":329,"column":9}},"169":{"start":{"line":330,"column":8},"end":{"line":330,"column":41}},"170":{"start":{"line":331,"column":8},"end":{"line":331,"column":39}}},"fnMap":{"0":{"name":"(anonymous_0)","decl":{"start":{"line":10,"column":2},"end":{"line":10,"column":3}},"loc":{"start":{"line":23,"column":4},"end":{"line":43,"column":3}},"line":23},"1":{"name":"(anonymous_1)","decl":{"start":{"line":45,"column":2},"end":{"line":45,"column":3}},"loc":{"start":{"line":45,"column":22},"end":{"line":142,"column":3}},"line":45},"2":{"name":"(anonymous_2)","decl":{"start":{"line":145,"column":2},"end":{"line":145,"column":3}},"loc":{"start":{"line":145,"column":31},"end":{"line":151,"column":3}},"line":145},"3":{"name":"(anonymous_3)","decl":{"start":{"line":153,"column":2},"end":{"line":153,"column":3}},"loc":{"start":{"line":153,"column":30},"end":{"line":159,"column":3}},"line":153},"4":{"name":"(anonymous_4)","decl":{"start":{"line":155,"column":43},"end":{"line":155,"column":44}},"loc":{"start":{"line":155,"column":53},"end":{"line":157,"column":5}},"line":155},"5":{"name":"(anonymous_5)","decl":{"start":{"line":162,"column":2},"end":{"line":162,"column":3}},"loc":{"start":{"line":162,"column":59},"end":{"line":218,"column":3}},"line":162},"6":{"name":"(anonymous_6)","decl":{"start":{"line":220,"column":2},"end":{"line":220,"column":3}},"loc":{"start":{"line":220,"column":55},"end":{"line":253,"column":3}},"line":220},"7":{"name":"(anonymous_7)","decl":{"start":{"line":255,"column":2},"end":{"line":255,"column":3}},"loc":{"start":{"line":255,"column":24},"end":{"line":298,"column":3}},"line":255},"8":{"name":"(anonymous_8)","decl":{"start":{"line":261,"column":19},"end":{"line":261,"column":20}},"loc":{"start":{"line":261,"column":29},"end":{"line":286,"column":5}},"line":261},"9":{"name":"(anonymous_9)","decl":{"start":{"line":301,"column":2},"end":{"line":301,"column":3}},"loc":{"start":{"line":301,"column":45},"end":{"line":311,"column":3}},"line":301},"10":{"name":"(anonymous_10)","decl":{"start":{"line":313,"column":2},"end":{"line":313,"column":3}},"loc":{"start":{"line":313,"column":45},"end":{"line":333,"column":7}},"line":313},"11":{"name":"(anonymous_11)","decl":{"start":{"line":317,"column":36},"end":{"line":317,"column":37}},"loc":{"start":{"line":317,"column":47},"end":{"line":323,"column":9}},"line":317}},"branchMap":{"0":{"loc":{"start":{"line":66,"column":6},"end":{"line":118,"column":7}},"type":"if","locations":[{"start":{"line":66,"column":6},"end":{"line":118,"column":7}},{"start":{"line":98,"column":11},"end":{"line":118,"column":7}}],"line":66},"1":{"loc":{"start":{"line":67,"column":10},"end":{"line":73,"column":56}},"type":"binary-expr","locations":[{"start":{"line":67,"column":10},"end":{"line":67,"column":53}},{"start":{"line":68,"column":8},"end":{"line":73,"column":56}}],"line":67},"2":{"loc":{"start":{"line":79,"column":8},"end":{"line":81,"column":13}},"type":"if","locations":[{"start":{"line":79,"column":8},"end":{"line":81,"column":13}},{"start":{},"end":{}}],"line":79},"3":{"loc":{"start":{"line":90,"column":8},"end":{"line":94,"column":9}},"type":"if","locations":[{"start":{"line":90,"column":8},"end":{"line":94,"column":9}},{"start":{},"end":{}}],"line":90},"4":{"loc":{"start":{"line":98,"column":11},"end":{"line":118,"column":7}},"type":"if","locations":[{"start":{"line":98,"column":11},"end":{"line":118,"column":7}},{"start":{"line":113,"column":11},"end":{"line":118,"column":7}}],"line":98},"5":{"loc":{"start":{"line":113,"column":11},"end":{"line":118,"column":7}},"type":"if","locations":[{"start":{"line":113,"column":11},"end":{"line":118,"column":7}},{"start":{},"end":{}}],"line":113},"6":{"loc":{"start":{"line":121,"column":6},"end":{"line":137,"column":7}},"type":"if","locations":[{"start":{"line":121,"column":6},"end":{"line":137,"column":7}},{"start":{},"end":{}}],"line":121},"7":{"loc":{"start":{"line":124,"column":34},"end":{"line":126,"column":59}},"type":"cond-expr","locations":[{"start":{"line":125,"column":73},"end":{"line":125,"column":86}},{"start":{"line":126,"column":12},"end":{"line":126,"column":59}}],"line":124},"8":{"loc":{"start":{"line":129,"column":25},"end":{"line":129,"column":70}},"type":"cond-expr","locations":[{"start":{"line":129,"column":49},"end":{"line":129,"column":65}},{"start":{"line":129,"column":68},"end":{"line":129,"column":70}}],"line":129},"9":{"loc":{"start":{"line":130,"column":25},"end":{"line":130,"column":79}},"type":"cond-expr","locations":[{"start":{"line":130,"column":44},"end":{"line":130,"column":57}},{"start":{"line":130,"column":60},"end":{"line":130,"column":79}}],"line":130},"10":{"loc":{"start":{"line":146,"column":4},"end":{"line":150,"column":5}},"type":"if","locations":[{"start":{"line":146,"column":4},"end":{"line":150,"column":5}},{"start":{"line":148,"column":11},"end":{"line":150,"column":5}}],"line":146},"11":{"loc":{"start":{"line":182,"column":4},"end":{"line":186,"column":5}},"type":"if","locations":[{"start":{"line":182,"column":4},"end":{"line":186,"column":5}},{"start":{"line":184,"column":11},"end":{"line":186,"column":5}}],"line":182},"12":{"loc":{"start":{"line":190,"column":4},"end":{"line":193,"column":5}},"type":"if","locations":[{"start":{"line":190,"column":4},"end":{"line":193,"column":5}},{"start":{},"end":{}}],"line":190},"13":{"loc":{"start":{"line":190,"column":8},"end":{"line":190,"column":44}},"type":"binary-expr","locations":[{"start":{"line":190,"column":8},"end":{"line":190,"column":20}},{"start":{"line":190,"column":24},"end":{"line":190,"column":44}}],"line":190},"14":{"loc":{"start":{"line":195,"column":4},"end":{"line":201,"column":5}},"type":"if","locations":[{"start":{"line":195,"column":4},"end":{"line":201,"column":5}},{"start":{},"end":{}}],"line":195},"15":{"loc":{"start":{"line":203,"column":4},"end":{"line":213,"column":5}},"type":"if","locations":[{"start":{"line":203,"column":4},"end":{"line":213,"column":5}},{"start":{},"end":{}}],"line":203},"16":{"loc":{"start":{"line":206,"column":6},"end":{"line":209,"column":7}},"type":"if","locations":[{"start":{"line":206,"column":6},"end":{"line":209,"column":7}},{"start":{},"end":{}}],"line":206},"17":{"loc":{"start":{"line":229,"column":4},"end":{"line":232,"column":5}},"type":"if","locations":[{"start":{"line":229,"column":4},"end":{"line":232,"column":5}},{"start":{},"end":{}}],"line":229},"18":{"loc":{"start":{"line":233,"column":4},"end":{"line":237,"column":5}},"type":"if","locations":[{"start":{"line":233,"column":4},"end":{"line":237,"column":5}},{"start":{},"end":{}}],"line":233},"19":{"loc":{"start":{"line":238,"column":4},"end":{"line":247,"column":5}},"type":"if","locations":[{"start":{"line":238,"column":4},"end":{"line":247,"column":5}},{"start":{"line":241,"column":11},"end":{"line":247,"column":5}}],"line":238},"20":{"loc":{"start":{"line":238,"column":8},"end":{"line":238,"column":47}},"type":"binary-expr","locations":[{"start":{"line":238,"column":8},"end":{"line":238,"column":14}},{"start":{"line":238,"column":18},"end":{"line":238,"column":47}}],"line":238},"21":{"loc":{"start":{"line":241,"column":11},"end":{"line":247,"column":5}},"type":"if","locations":[{"start":{"line":241,"column":11},"end":{"line":247,"column":5}},{"start":{"line":244,"column":11},"end":{"line":247,"column":5}}],"line":241},"22":{"loc":{"start":{"line":241,"column":14},"end":{"line":241,"column":47}},"type":"binary-expr","locations":[{"start":{"line":241,"column":14},"end":{"line":241,"column":21}},{"start":{"line":241,"column":25},"end":{"line":241,"column":47}}],"line":241},"23":{"loc":{"start":{"line":249,"column":4},"end":{"line":251,"column":5}},"type":"switch","locations":[{"start":{"line":250,"column":6},"end":{"line":250,"column":25}}],"line":249},"24":{"loc":{"start":{"line":274,"column":6},"end":{"line":277,"column":7}},"type":"if","locations":[{"start":{"line":274,"column":6},"end":{"line":277,"column":7}},{"start":{},"end":{}}],"line":274},"25":{"loc":{"start":{"line":280,"column":6},"end":{"line":284,"column":7}},"type":"if","locations":[{"start":{"line":280,"column":6},"end":{"line":284,"column":7}},{"start":{"line":282,"column":13},"end":{"line":284,"column":7}}],"line":280},"26":{"loc":{"start":{"line":301,"column":25},"end":{"line":301,"column":43}},"type":"default-arg","locations":[{"start":{"line":301,"column":38},"end":{"line":301,"column":43}}],"line":301},"27":{"loc":{"start":{"line":303,"column":6},"end":{"line":309,"column":7}},"type":"if","locations":[{"start":{"line":303,"column":6},"end":{"line":309,"column":7}},{"start":{"line":305,"column":13},"end":{"line":309,"column":7}}],"line":303},"28":{"loc":{"start":{"line":305,"column":13},"end":{"line":309,"column":7}},"type":"if","locations":[{"start":{"line":305,"column":13},"end":{"line":309,"column":7}},{"start":{"line":307,"column":13},"end":{"line":309,"column":7}}],"line":305},"29":{"loc":{"start":{"line":307,"column":13},"end":{"line":309,"column":7}},"type":"if","locations":[{"start":{"line":307,"column":13},"end":{"line":309,"column":7}},{"start":{},"end":{}}],"line":307},"30":{"loc":{"start":{"line":308,"column":8},"end":{"line":308,"column":62}},"type":"if","locations":[{"start":{"line":308,"column":8},"end":{"line":308,"column":62}},{"start":{},"end":{}}],"line":308},"31":{"loc":{"start":{"line":316,"column":6},"end":{"line":332,"column":9}},"type":"if","locations":[{"start":{"line":316,"column":6},"end":{"line":332,"column":9}},{"start":{},"end":{}}],"line":316}},"s":{"0":2,"1":2,"2":2,"3":2,"4":2,"5":2,"6":2,"7":3,"8":3,"9":3,"10":3,"11":3,"12":3,"13":3,"14":3,"15":3,"16":3,"17":3,"18":3,"19":3,"20":3,"21":3,"22":3,"23":3,"24":0,"25":0,"26":0,"27":0,"28":0,"29":0,"30":0,"31":0,"32":0,"33":0,"34":0,"35":0,"36":0,"37":0,"38":0,"39":0,"40":0,"41":0,"42":0,"43":0,"44":0,"45":0,"46":0,"47":0,"48":0,"49":0,"50":0,"51":0,"52":0,"53":0,"54":0,"55":0,"56":0,"57":0,"58":0,"59":0,"60":0,"61":0,"62":0,"63":0,"64":0,"65":0,"66":0,"67":0,"68":0,"69":0,"70":0,"71":0,"72":0,"73":2,"74":2,"75":0,"76":2,"77":2,"78":34,"79":2,"80":2,"81":2,"82":2,"83":2,"84":2,"85":2,"86":2,"87":2,"88":2,"89":2,"90":0,"91":2,"92":1,"93":1,"94":2,"95":1,"96":1,"97":1,"98":1,"99":1,"100":1,"101":0,"102":0,"103":0,"104":0,"105":0,"106":0,"107":0,"108":1,"109":1,"110":1,"111":0,"112":0,"113":0,"114":0,"115":0,"116":0,"117":0,"118":0,"119":0,"120":0,"121":0,"122":0,"123":0,"124":0,"125":0,"126":0,"127":0,"128":0,"129":0,"130":0,"131":0,"132":0,"133":0,"134":0,"135":0,"136":0,"137":0,"138":0,"139":0,"140":0,"141":0,"142":0,"143":0,"144":0,"145":0,"146":0,"147":0,"148":0,"149":0,"150":0,"151":0,"152":0,"153":0,"154":0,"155":0,"156":0,"157":0,"158":0,"159":0,"160":0,"161":0,"162":0,"163":0,"164":0,"165":0,"166":0,"167":0,"168":0,"169":0,"170":0},"f":{"0":3,"1":0,"2":2,"3":2,"4":34,"5":2,"6":0,"7":0,"8":0,"9":0,"10":0,"11":0},"b":{"0":[0,0],"1":[0,0],"2":[0,0],"3":[0,0],"4":[0,0],"5":[0,0],"6":[0,0],"7":[0,0],"8":[0,0],"9":[0,0],"10":[2,0],"11":[2,0],"12":[1,1],"13":[2,1],"14":[1,1],"15":[0,1],"16":[0,0],"17":[0,0],"18":[0,0],"19":[0,0],"20":[0,0],"21":[0,0],"22":[0,0],"23":[0],"24":[0,0],"25":[0,0],"26":[0],"27":[0,0],"28":[0,0],"29":[0,0],"30":[0,0],"31":[0,0]},"_coverageSchema":"1a1c01bbd47fc00a2c39e90264f33305004495a9","hash":"5107d914920a1bfe119ef1e61654dd4eb1aa99e8"}
,"C:\\Users\\User\\Desktop\\nazar's kitchen\\Chicken_Kitchen\\Chicken_Kitchen\\services\\getDataFromCsvFile.js": {"path":"C:\\Users\\User\\Desktop\\nazar's kitchen\\Chicken_Kitchen\\Chicken_Kitchen\\services\\getDataFromCsvFile.js","statementMap":{"0":{"start":{"line":1,"column":11},"end":{"line":1,"column":24}},"1":{"start":{"line":2,"column":12},"end":{"line":2,"column":33}},"2":{"start":{"line":7,"column":22},"end":{"line":7,"column":24}},"3":{"start":{"line":8,"column":8},"end":{"line":14,"column":11}},"4":{"start":{"line":9,"column":10},"end":{"line":13,"column":43}},"5":{"start":{"line":11,"column":34},"end":{"line":11,"column":42}},"6":{"start":{"line":12,"column":34},"end":{"line":12,"column":52}},"7":{"start":{"line":13,"column":29},"end":{"line":13,"column":41}},"8":{"start":{"line":19,"column":23},"end":{"line":19,"column":44}},"9":{"start":{"line":21,"column":0},"end":{"line":21,"column":32}}},"fnMap":{"0":{"name":"(anonymous_0)","decl":{"start":{"line":6,"column":4},"end":{"line":6,"column":5}},"loc":{"start":{"line":6,"column":26},"end":{"line":15,"column":7}},"line":6},"1":{"name":"(anonymous_1)","decl":{"start":{"line":8,"column":27},"end":{"line":8,"column":28}},"loc":{"start":{"line":8,"column":41},"end":{"line":14,"column":9}},"line":8},"2":{"name":"(anonymous_2)","decl":{"start":{"line":11,"column":25},"end":{"line":11,"column":26}},"loc":{"start":{"line":11,"column":34},"end":{"line":11,"column":42}},"line":11},"3":{"name":"(anonymous_3)","decl":{"start":{"line":12,"column":24},"end":{"line":12,"column":25}},"loc":{"start":{"line":12,"column":34},"end":{"line":12,"column":52}},"line":12},"4":{"name":"(anonymous_4)","decl":{"start":{"line":13,"column":23},"end":{"line":13,"column":24}},"loc":{"start":{"line":13,"column":29},"end":{"line":13,"column":41}},"line":13}},"branchMap":{},"s":{"0":2,"1":2,"2":18,"3":18,"4":18,"5":0,"6":153,"7":18,"8":2,"9":2},"f":{"0":18,"1":18,"2":0,"3":153,"4":18},"b":{},"_coverageSchema":"1a1c01bbd47fc00a2c39e90264f33305004495a9","hash":"946decde4a1f13aa5f3fa68a7ecff9f8c28f3ea1"}
,"C:\\Users\\User\\Desktop\\nazar's kitchen\\Chicken_Kitchen\\Chicken_Kitchen\\services\\getDataFromFile.js": {"path":"C:\\Users\\User\\Desktop\\nazar's kitchen\\Chicken_Kitchen\\Chicken_Kitchen\\services\\getDataFromFile.js","statementMap":{"0":{"start":{"line":1,"column":11},"end":{"line":1,"column":24}},"1":{"start":{"line":5,"column":4},"end":{"line":10,"column":6}},"2":{"start":{"line":6,"column":6},"end":{"line":9,"column":8}},"3":{"start":{"line":7,"column":10},"end":{"line":7,"column":20}},"4":{"start":{"line":8,"column":9},"end":{"line":8,"column":21}},"5":{"start":{"line":14,"column":4},"end":{"line":34,"column":6}},"6":{"start":{"line":15,"column":6},"end":{"line":33,"column":8}},"7":{"start":{"line":31,"column":9},"end":{"line":31,"column":26}},"8":{"start":{"line":40,"column":16},"end":{"line":40,"column":34}},"9":{"start":{"line":43,"column":0},"end":{"line":43,"column":25}}},"fnMap":{"0":{"name":"(anonymous_0)","decl":{"start":{"line":4,"column":2},"end":{"line":4,"column":3}},"loc":{"start":{"line":4,"column":24},"end":{"line":11,"column":3}},"line":4},"1":{"name":"(anonymous_1)","decl":{"start":{"line":5,"column":23},"end":{"line":5,"column":24}},"loc":{"start":{"line":5,"column":37},"end":{"line":10,"column":5}},"line":5},"2":{"name":"(anonymous_2)","decl":{"start":{"line":6,"column":32},"end":{"line":6,"column":33}},"loc":{"start":{"line":6,"column":59},"end":{"line":9,"column":7}},"line":6},"3":{"name":"(anonymous_3)","decl":{"start":{"line":13,"column":2},"end":{"line":13,"column":3}},"loc":{"start":{"line":13,"column":29},"end":{"line":35,"column":3}},"line":13},"4":{"name":"(anonymous_4)","decl":{"start":{"line":14,"column":23},"end":{"line":14,"column":24}},"loc":{"start":{"line":14,"column":37},"end":{"line":34,"column":5}},"line":14},"5":{"name":"(anonymous_5)","decl":{"start":{"line":15,"column":32},"end":{"line":15,"column":33}},"loc":{"start":{"line":15,"column":59},"end":{"line":33,"column":7}},"line":15}},"branchMap":{},"s":{"0":2,"1":18,"2":18,"3":18,"4":18,"5":3,"6":3,"7":3,"8":2,"9":2},"f":{"0":18,"1":18,"2":18,"3":3,"4":3,"5":3},"b":{},"_coverageSchema":"1a1c01bbd47fc00a2c39e90264f33305004495a9","hash":"425c6ae068bc5530942f2414d1ca758cbaf4b5b0"}
,"C:\\Users\\User\\Desktop\\nazar's kitchen\\Chicken_Kitchen\\dataHandlers\\allergie.js": {"path":"C:\\Users\\User\\Desktop\\nazar's kitchen\\Chicken_Kitchen\\dataHandlers\\allergie.js","statementMap":{"0":{"start":{"line":1,"column":28},"end":{"line":1,"column":77}},"1":{"start":{"line":2,"column":21},"end":{"line":2,"column":46}},"2":{"start":{"line":4,"column":0},"end":{"line":101,"column":1}},"3":{"start":{"line":6,"column":8},"end":{"line":6,"column":25}},"4":{"start":{"line":7,"column":8},"end":{"line":7,"column":33}},"5":{"start":{"line":8,"column":8},"end":{"line":8,"column":65}},"6":{"start":{"line":9,"column":8},"end":{"line":9,"column":71}},"7":{"start":{"line":13,"column":8},"end":{"line":32,"column":9}},"8":{"start":{"line":14,"column":12},"end":{"line":14,"column":112}},"9":{"start":{"line":16,"column":42},"end":{"line":16,"column":79}},"10":{"start":{"line":17,"column":12},"end":{"line":19,"column":15}},"11":{"start":{"line":18,"column":16},"end":{"line":18,"column":75}},"12":{"start":{"line":22,"column":12},"end":{"line":22,"column":53}},"13":{"start":{"line":24,"column":30},"end":{"line":24,"column":32}},"14":{"start":{"line":26,"column":17},"end":{"line":26,"column":106}},"15":{"start":{"line":27,"column":12},"end":{"line":30,"column":13}},"16":{"start":{"line":28,"column":16},"end":{"line":28,"column":61}},"17":{"start":{"line":29,"column":16},"end":{"line":29,"column":85}},"18":{"start":{"line":31,"column":12},"end":{"line":31,"column":66}},"19":{"start":{"line":33,"column":8},"end":{"line":33,"column":20}},"20":{"start":{"line":37,"column":15},"end":{"line":37,"column":17}},"21":{"start":{"line":38,"column":16},"end":{"line":38,"column":21}},"22":{"start":{"line":39,"column":15},"end":{"line":39,"column":44}},"23":{"start":{"line":40,"column":20},"end":{"line":43,"column":7}},"24":{"start":{"line":41,"column":6},"end":{"line":41,"column":56}},"25":{"start":{"line":44,"column":6},"end":{"line":94,"column":7}},"26":{"start":{"line":45,"column":8},"end":{"line":45,"column":21}},"27":{"start":{"line":46,"column":8},"end":{"line":46,"column":128}},"28":{"start":{"line":50,"column":10},"end":{"line":90,"column":11}},"29":{"start":{"line":52,"column":18},"end":{"line":60,"column":41}},"30":{"start":{"line":61,"column":18},"end":{"line":61,"column":24}},"31":{"start":{"line":63,"column":18},"end":{"line":69,"column":28}},"32":{"start":{"line":70,"column":18},"end":{"line":70,"column":24}},"33":{"start":{"line":72,"column":17},"end":{"line":88,"column":19}},"34":{"start":{"line":73,"column":21},"end":{"line":79,"column":32}},"35":{"start":{"line":81,"column":18},"end":{"line":87,"column":32}},"36":{"start":{"line":89,"column":18},"end":{"line":89,"column":24}},"37":{"start":{"line":93,"column":9},"end":{"line":93,"column":20}},"38":{"start":{"line":95,"column":6},"end":{"line":95,"column":20}},"39":{"start":{"line":96,"column":7},"end":{"line":96,"column":24}},"40":{"start":{"line":98,"column":7},"end":{"line":98,"column":18}}},"fnMap":{"0":{"name":"(anonymous_0)","decl":{"start":{"line":5,"column":4},"end":{"line":5,"column":5}},"loc":{"start":{"line":5,"column":87},"end":{"line":10,"column":7}},"line":5},"1":{"name":"(anonymous_1)","decl":{"start":{"line":12,"column":4},"end":{"line":12,"column":5}},"loc":{"start":{"line":12,"column":153},"end":{"line":34,"column":5}},"line":12},"2":{"name":"(anonymous_2)","decl":{"start":{"line":17,"column":42},"end":{"line":17,"column":43}},"loc":{"start":{"line":17,"column":56},"end":{"line":19,"column":13}},"line":17},"3":{"name":"(anonymous_3)","decl":{"start":{"line":36,"column":0},"end":{"line":36,"column":1}},"loc":{"start":{"line":36,"column":153},"end":{"line":99,"column":5}},"line":36},"4":{"name":"(anonymous_4)","decl":{"start":{"line":40,"column":55},"end":{"line":40,"column":56}},"loc":{"start":{"line":41,"column":6},"end":{"line":41,"column":56}},"line":41}},"branchMap":{"0":{"loc":{"start":{"line":13,"column":8},"end":{"line":32,"column":9}},"type":"if","locations":[{"start":{"line":13,"column":8},"end":{"line":32,"column":9}},{"start":{"line":23,"column":15},"end":{"line":32,"column":9}}],"line":13},"1":{"loc":{"start":{"line":27,"column":12},"end":{"line":30,"column":13}},"type":"if","locations":[{"start":{"line":27,"column":12},"end":{"line":30,"column":13}},{"start":{},"end":{}}],"line":27},"2":{"loc":{"start":{"line":44,"column":6},"end":{"line":94,"column":7}},"type":"if","locations":[{"start":{"line":44,"column":6},"end":{"line":94,"column":7}},{"start":{},"end":{}}],"line":44},"3":{"loc":{"start":{"line":50,"column":10},"end":{"line":90,"column":11}},"type":"switch","locations":[{"start":{"line":51,"column":14},"end":{"line":61,"column":24}},{"start":{"line":62,"column":14},"end":{"line":70,"column":24}},{"start":{"line":71,"column":14},"end":{"line":89,"column":24}}],"line":50},"4":{"loc":{"start":{"line":72,"column":17},"end":{"line":88,"column":19}},"type":"if","locations":[{"start":{"line":72,"column":17},"end":{"line":88,"column":19}},{"start":{"line":80,"column":25},"end":{"line":88,"column":19}}],"line":72}},"s":{"0":2,"1":2,"2":2,"3":1,"4":1,"5":1,"6":1,"7":1,"8":1,"9":0,"10":0,"11":0,"12":0,"13":0,"14":0,"15":0,"16":0,"17":0,"18":0,"19":0,"20":0,"21":0,"22":0,"23":0,"24":0,"25":0,"26":0,"27":0,"28":0,"29":0,"30":0,"31":0,"32":0,"33":0,"34":0,"35":0,"36":0,"37":0,"38":0,"39":0,"40":0},"f":{"0":1,"1":1,"2":0,"3":0,"4":0},"b":{"0":[1,0],"1":[0,0],"2":[0,0],"3":[0,0,0],"4":[0,0]},"_coverageSchema":"1a1c01bbd47fc00a2c39e90264f33305004495a9","hash":"5ba2a92424254044b62a4dc59a205ee5705250e0"}
,"C:\\Users\\User\\Desktop\\nazar's kitchen\\Chicken_Kitchen\\dataHandlers\\customer.js": {"path":"C:\\Users\\User\\Desktop\\nazar's kitchen\\Chicken_Kitchen\\dataHandlers\\customer.js","statementMap":{"0":{"start":{"line":2,"column":0},"end":{"line":40,"column":1}},"1":{"start":{"line":4,"column":8},"end":{"line":4,"column":77}},"2":{"start":{"line":5,"column":8},"end":{"line":5,"column":64}},"3":{"start":{"line":6,"column":8},"end":{"line":6,"column":33}},"4":{"start":{"line":11,"column":37},"end":{"line":11,"column":39}},"5":{"start":{"line":12,"column":8},"end":{"line":16,"column":121}},"6":{"start":{"line":13,"column":10},"end":{"line":13,"column":72}},"7":{"start":{"line":14,"column":10},"end":{"line":14,"column":62}},"8":{"start":{"line":16,"column":8},"end":{"line":16,"column":121}},"9":{"start":{"line":17,"column":10},"end":{"line":17,"column":39}},"10":{"start":{"line":22,"column":31},"end":{"line":22,"column":33}},"11":{"start":{"line":24,"column":10},"end":{"line":33,"column":11}},"12":{"start":{"line":25,"column":14},"end":{"line":28,"column":15}},"13":{"start":{"line":26,"column":18},"end":{"line":26,"column":76}},"14":{"start":{"line":27,"column":18},"end":{"line":27,"column":39}},"15":{"start":{"line":32,"column":14},"end":{"line":32,"column":41}},"16":{"start":{"line":35,"column":7},"end":{"line":35,"column":70}}},"fnMap":{"0":{"name":"(anonymous_0)","decl":{"start":{"line":3,"column":4},"end":{"line":3,"column":5}},"loc":{"start":{"line":3,"column":40},"end":{"line":8,"column":7}},"line":3},"1":{"name":"(anonymous_1)","decl":{"start":{"line":10,"column":4},"end":{"line":10,"column":5}},"loc":{"start":{"line":10,"column":34},"end":{"line":19,"column":7}},"line":10},"2":{"name":"(anonymous_2)","decl":{"start":{"line":21,"column":6},"end":{"line":21,"column":7}},"loc":{"start":{"line":21,"column":46},"end":{"line":37,"column":7}},"line":21}},"branchMap":{"0":{"loc":{"start":{"line":12,"column":8},"end":{"line":16,"column":121}},"type":"if","locations":[{"start":{"line":12,"column":8},"end":{"line":16,"column":121}},{"start":{"line":16,"column":8},"end":{"line":16,"column":121}}],"line":12},"1":{"loc":{"start":{"line":12,"column":12},"end":{"line":12,"column":91}},"type":"binary-expr","locations":[{"start":{"line":12,"column":12},"end":{"line":12,"column":47}},{"start":{"line":12,"column":51},"end":{"line":12,"column":91}}],"line":12},"2":{"loc":{"start":{"line":24,"column":10},"end":{"line":33,"column":11}},"type":"if","locations":[{"start":{"line":24,"column":10},"end":{"line":33,"column":11}},{"start":{"line":30,"column":14},"end":{"line":33,"column":11}}],"line":24},"3":{"loc":{"start":{"line":25,"column":14},"end":{"line":28,"column":15}},"type":"if","locations":[{"start":{"line":25,"column":14},"end":{"line":28,"column":15}},{"start":{},"end":{}}],"line":25},"4":{"loc":{"start":{"line":25,"column":18},"end":{"line":25,"column":93}},"type":"binary-expr","locations":[{"start":{"line":25,"column":18},"end":{"line":25,"column":51}},{"start":{"line":25,"column":55},"end":{"line":25,"column":93}}],"line":25}},"s":{"0":2,"1":1,"2":1,"3":1,"4":1,"5":1,"6":0,"7":0,"8":1,"9":1,"10":1,"11":1,"12":1,"13":0,"14":0,"15":0,"16":1},"f":{"0":1,"1":1,"2":1},"b":{"0":[0,1],"1":[1,1],"2":[1,0],"3":[0,1],"4":[1,0]},"_coverageSchema":"1a1c01bbd47fc00a2c39e90264f33305004495a9","hash":"2944d47e39c50e9e90750c4c926d468d08a67026"}
,"C:\\Users\\User\\Desktop\\nazar's kitchen\\Chicken_Kitchen\\dataHandlers\\customersDataParser.js": {"path":"C:\\Users\\User\\Desktop\\nazar's kitchen\\Chicken_Kitchen\\dataHandlers\\customersDataParser.js","statementMap":{"0":{"start":{"line":1,"column":0},"end":{"line":24,"column":1}},"1":{"start":{"line":3,"column":8},"end":{"line":3,"column":68}},"2":{"start":{"line":4,"column":8},"end":{"line":4,"column":58}},"3":{"start":{"line":8,"column":33},"end":{"line":8,"column":35}},"4":{"start":{"line":9,"column":8},"end":{"line":12,"column":11}},"5":{"start":{"line":10,"column":10},"end":{"line":11,"column":55}},"6":{"start":{"line":13,"column":8},"end":{"line":13,"column":34}},"7":{"start":{"line":17,"column":23},"end":{"line":17,"column":25}},"8":{"start":{"line":18,"column":6},"end":{"line":20,"column":7}},"9":{"start":{"line":19,"column":8},"end":{"line":19,"column":120}},"10":{"start":{"line":21,"column":6},"end":{"line":21,"column":24}}},"fnMap":{"0":{"name":"(anonymous_0)","decl":{"start":{"line":2,"column":4},"end":{"line":2,"column":5}},"loc":{"start":{"line":2,"column":22},"end":{"line":5,"column":7}},"line":2},"1":{"name":"(anonymous_1)","decl":{"start":{"line":7,"column":6},"end":{"line":7,"column":7}},"loc":{"start":{"line":7,"column":41},"end":{"line":14,"column":7}},"line":7},"2":{"name":"(anonymous_2)","decl":{"start":{"line":9,"column":44},"end":{"line":9,"column":45}},"loc":{"start":{"line":9,"column":64},"end":{"line":12,"column":9}},"line":9},"3":{"name":"(anonymous_3)","decl":{"start":{"line":16,"column":6},"end":{"line":16,"column":7}},"loc":{"start":{"line":16,"column":31},"end":{"line":22,"column":5}},"line":16}},"branchMap":{},"s":{"0":2,"1":3,"2":3,"3":1,"4":1,"5":7,"6":1,"7":1,"8":1,"9":7,"10":1},"f":{"0":3,"1":1,"2":7,"3":1},"b":{},"_coverageSchema":"1a1c01bbd47fc00a2c39e90264f33305004495a9","hash":"7acedfb2b79a0dfd4f52058c9570b29555a21d79"}
,"C:\\Users\\User\\Desktop\\nazar's kitchen\\Chicken_Kitchen\\dataHandlers\\discount .js": {"path":"C:\\Users\\User\\Desktop\\nazar's kitchen\\Chicken_Kitchen\\dataHandlers\\discount .js","statementMap":{"0":{"start":{"line":3,"column":8},"end":{"line":3,"column":25}},"1":{"start":{"line":4,"column":8},"end":{"line":4,"column":31}},"2":{"start":{"line":9,"column":8},"end":{"line":9,"column":25}},"3":{"start":{"line":10,"column":8},"end":{"line":10,"column":50}},"4":{"start":{"line":11,"column":8},"end":{"line":14,"column":9}},"5":{"start":{"line":13,"column":12},"end":{"line":13,"column":23}},"6":{"start":{"line":15,"column":8},"end":{"line":15,"column":20}},"7":{"start":{"line":19,"column":17},"end":{"line":19,"column":31}},"8":{"start":{"line":21,"column":0},"end":{"line":21,"column":26}}},"fnMap":{"0":{"name":"(anonymous_0)","decl":{"start":{"line":2,"column":4},"end":{"line":2,"column":5}},"loc":{"start":{"line":2,"column":17},"end":{"line":6,"column":5}},"line":2},"1":{"name":"(anonymous_1)","decl":{"start":{"line":8,"column":4},"end":{"line":8,"column":5}},"loc":{"start":{"line":8,"column":29},"end":{"line":16,"column":5}},"line":8}},"branchMap":{"0":{"loc":{"start":{"line":11,"column":8},"end":{"line":14,"column":9}},"type":"if","locations":[{"start":{"line":11,"column":8},"end":{"line":14,"column":9}},{"start":{},"end":{}}],"line":11}},"s":{"0":2,"1":2,"2":0,"3":0,"4":0,"5":0,"6":0,"7":2,"8":2},"f":{"0":2,"1":0},"b":{"0":[0,0]},"_coverageSchema":"1a1c01bbd47fc00a2c39e90264f33305004495a9","hash":"a797c3d696a1106b25f3c574daf4df3ca0794845"}
,"C:\\Users\\User\\Desktop\\nazar's kitchen\\Chicken_Kitchen\\dataHandlers\\dish.js": {"path":"C:\\Users\\User\\Desktop\\nazar's kitchen\\Chicken_Kitchen\\dataHandlers\\dish.js","statementMap":{"0":{"start":{"line":1,"column":0},"end":{"line":66,"column":1}},"1":{"start":{"line":3,"column":8},"end":{"line":3,"column":25}},"2":{"start":{"line":4,"column":8},"end":{"line":4,"column":48}},"3":{"start":{"line":5,"column":8},"end":{"line":5,"column":79}},"4":{"start":{"line":6,"column":8},"end":{"line":6,"column":100}},"5":{"start":{"line":11,"column":8},"end":{"line":15,"column":9}},"6":{"start":{"line":12,"column":12},"end":{"line":12,"column":24}},"7":{"start":{"line":14,"column":12},"end":{"line":14,"column":24}},"8":{"start":{"line":30,"column":18},"end":{"line":30,"column":20}},"9":{"start":{"line":31,"column":8},"end":{"line":34,"column":9}},"10":{"start":{"line":32,"column":12},"end":{"line":32,"column":31}},"11":{"start":{"line":33,"column":12},"end":{"line":33,"column":23}},"12":{"start":{"line":35,"column":8},"end":{"line":35,"column":56}},"13":{"start":{"line":36,"column":8},"end":{"line":36,"column":19}},"14":{"start":{"line":40,"column":9},"end":{"line":48,"column":12}},"15":{"start":{"line":41,"column":13},"end":{"line":41,"column":49}},"16":{"start":{"line":42,"column":12},"end":{"line":47,"column":13}},"17":{"start":{"line":44,"column":16},"end":{"line":44,"column":31}},"18":{"start":{"line":46,"column":14},"end":{"line":46,"column":57}},"19":{"start":{"line":53,"column":10},"end":{"line":53,"column":20}},"20":{"start":{"line":54,"column":20},"end":{"line":54,"column":51}},"21":{"start":{"line":55,"column":30},"end":{"line":55,"column":34}},"22":{"start":{"line":56,"column":10},"end":{"line":62,"column":11}},"23":{"start":{"line":56,"column":23},"end":{"line":56,"column":24}},"24":{"start":{"line":57,"column":12},"end":{"line":61,"column":13}},"25":{"start":{"line":58,"column":16},"end":{"line":60,"column":17}},"26":{"start":{"line":59,"column":18},"end":{"line":59,"column":52}},"27":{"start":{"line":63,"column":10},"end":{"line":63,"column":33}}},"fnMap":{"0":{"name":"(anonymous_0)","decl":{"start":{"line":2,"column":4},"end":{"line":2,"column":5}},"loc":{"start":{"line":2,"column":91},"end":{"line":7,"column":7}},"line":2},"1":{"name":"(anonymous_1)","decl":{"start":{"line":10,"column":4},"end":{"line":10,"column":5}},"loc":{"start":{"line":10,"column":33},"end":{"line":16,"column":5}},"line":10},"2":{"name":"(anonymous_2)","decl":{"start":{"line":20,"column":4},"end":{"line":20,"column":5}},"loc":{"start":{"line":20,"column":28},"end":{"line":27,"column":5}},"line":20},"3":{"name":"(anonymous_3)","decl":{"start":{"line":29,"column":6},"end":{"line":29,"column":7}},"loc":{"start":{"line":29,"column":34},"end":{"line":37,"column":7}},"line":29},"4":{"name":"(anonymous_4)","decl":{"start":{"line":40,"column":53},"end":{"line":40,"column":54}},"loc":{"start":{"line":40,"column":63},"end":{"line":48,"column":11}},"line":40},"5":{"name":"(anonymous_5)","decl":{"start":{"line":52,"column":6},"end":{"line":52,"column":7}},"loc":{"start":{"line":52,"column":23},"end":{"line":64,"column":7}},"line":52}},"branchMap":{"0":{"loc":{"start":{"line":11,"column":8},"end":{"line":15,"column":9}},"type":"if","locations":[{"start":{"line":11,"column":8},"end":{"line":15,"column":9}},{"start":{"line":13,"column":15},"end":{"line":15,"column":9}}],"line":11},"1":{"loc":{"start":{"line":31,"column":8},"end":{"line":34,"column":9}},"type":"if","locations":[{"start":{"line":31,"column":8},"end":{"line":34,"column":9}},{"start":{},"end":{}}],"line":31},"2":{"loc":{"start":{"line":42,"column":12},"end":{"line":47,"column":13}},"type":"if","locations":[{"start":{"line":42,"column":12},"end":{"line":47,"column":13}},{"start":{"line":45,"column":19},"end":{"line":47,"column":13}}],"line":42},"3":{"loc":{"start":{"line":58,"column":16},"end":{"line":60,"column":17}},"type":"if","locations":[{"start":{"line":58,"column":16},"end":{"line":60,"column":17}},{"start":{},"end":{}}],"line":58}},"s":{"0":2,"1":1,"2":1,"3":1,"4":1,"5":2,"6":2,"7":0,"8":2,"9":2,"10":2,"11":2,"12":0,"13":0,"14":0,"15":0,"16":0,"17":0,"18":0,"19":0,"20":0,"21":0,"22":0,"23":0,"24":0,"25":0,"26":0,"27":0},"f":{"0":1,"1":2,"2":0,"3":2,"4":0,"5":0},"b":{"0":[2,0],"1":[2,0],"2":[0,0],"3":[0,0]},"_coverageSchema":"1a1c01bbd47fc00a2c39e90264f33305004495a9","hash":"f5cdcfbea0c393e87e0e533a327624e58f43ebcd"}
,"C:\\Users\\User\\Desktop\\nazar's kitchen\\Chicken_Kitchen\\dataHandlers\\dishDataParser.js": {"path":"C:\\Users\\User\\Desktop\\nazar's kitchen\\Chicken_Kitchen\\dataHandlers\\dishDataParser.js","statementMap":{"0":{"start":{"line":2,"column":0},"end":{"line":16,"column":1}},"1":{"start":{"line":4,"column":8},"end":{"line":4,"column":41}},"2":{"start":{"line":8,"column":25},"end":{"line":8,"column":27}},"3":{"start":{"line":9,"column":8},"end":{"line":12,"column":9}},"4":{"start":{"line":10,"column":10},"end":{"line":11,"column":53}},"5":{"start":{"line":13,"column":8},"end":{"line":13,"column":25}}},"fnMap":{"0":{"name":"(anonymous_0)","decl":{"start":{"line":3,"column":4},"end":{"line":3,"column":5}},"loc":{"start":{"line":3,"column":22},"end":{"line":5,"column":7}},"line":3},"1":{"name":"(anonymous_1)","decl":{"start":{"line":7,"column":4},"end":{"line":7,"column":5}},"loc":{"start":{"line":7,"column":29},"end":{"line":14,"column":5}},"line":7}},"branchMap":{},"s":{"0":3,"1":3,"2":1,"3":1,"4":13,"5":1},"f":{"0":3,"1":1},"b":{},"_coverageSchema":"1a1c01bbd47fc00a2c39e90264f33305004495a9","hash":"8033c0fbc58e956e271dae43402793325b97e97f"}
[...]
umn":22},"end":{"line":393,"column":51}},"206":{"start":{"line":396,"column":4},"end":{"line":396,"column":80}},"207":{"start":{"line":398,"column":4},"end":{"line":398,"column":27}},"208":{"start":{"line":399,"column":18},"end":{"line":399,"column":41}},"209":{"start":{"line":401,"column":20},"end":{"line":401,"column":54}},"210":{"start":{"line":403,"column":4},"end":{"line":403,"column":115}},"211":{"start":{"line":407,"column":21},"end":{"line":407,"column":54}},"212":{"start":{"line":408,"column":26},"end":{"line":408,"column":28}},"213":{"start":{"line":409,"column":6},"end":{"line":428,"column":9}},"214":{"start":{"line":410,"column":8},"end":{"line":418,"column":11}},"215":{"start":{"line":411,"column":10},"end":{"line":417,"column":11}},"216":{"start":{"line":419,"column":8},"end":{"line":425,"column":9}},"217":{"start":{"line":426,"column":8},"end":{"line":426,"column":44}},"218":{"start":{"line":427,"column":8},"end":{"line":427,"column":39}}},"fnMap":{"0":{"name":"(anonymous_0)","decl":{"start":{"line":15,"column":2},"end":{"line":15,"column":3}},"loc":{"start":{"line":28,"column":4},"end":{"line":48,"column":3}},"line":28},"1":{"name":"(anonymous_1)","decl":{"start":{"line":50,"column":2},"end":{"line":50,"column":3}},"loc":{"start":{"line":50,"column":22},"end":{"line":174,"column":3}},"line":50},"2":{"name":"(anonymous_2)","decl":{"start":{"line":177,"column":2},"end":{"line":177,"column":3}},"loc":{"start":{"line":177,"column":31},"end":{"line":183,"column":3}},"line":177},"3":{"name":"(anonymous_3)","decl":{"start":{"line":185,"column":2},"end":{"line":185,"column":3}},"loc":{"start":{"line":185,"column":30},"end":{"line":191,"column":3}},"line":185},"4":{"name":"(anonymous_4)","decl":{"start":{"line":187,"column":43},"end":{"line":187,"column":44}},"loc":{"start":{"line":187,"column":53},"end":{"line":189,"column":5}},"line":187},"5":{"name":"(anonymous_5)","decl":{"start":{"line":194,"column":2},"end":{"line":194,"column":3}},"loc":{"start":{"line":194,"column":59},"end":{"line":250,"column":3}},"line":194},"6":{"name":"(anonymous_6)","decl":{"start":{"line":252,"column":2},"end":{"line":252,"column":3}},"loc":{"start":{"line":252,"column":55},"end":{"line":285,"column":3}},"line":252},"7":{"name":"(anonymous_7)","decl":{"start":{"line":287,"column":2},"end":{"line":287,"column":3}},"loc":{"start":{"line":287,"column":24},"end":{"line":374,"column":3}},"line":287},"8":{"name":"(anonymous_8)","decl":{"start":{"line":294,"column":56},"end":{"line":294,"column":57}},"loc":{"start":{"line":294,"column":66},"end":{"line":357,"column":7}},"line":294},"9":{"name":"(anonymous_9)","decl":{"start":{"line":349,"column":32},"end":{"line":349,"column":33}},"loc":{"start":{"line":349,"column":46},"end":{"line":351,"column":9}},"line":349},"10":{"name":"(anonymous_10)","decl":{"start":{"line":376,"column":2},"end":{"line":376,"column":3}},"loc":{"start":{"line":376,"column":45},"end":{"line":389,"column":3}},"line":376},"11":{"name":"(anonymous_11)","decl":{"start":{"line":392,"column":2},"end":{"line":392,"column":3}},"loc":{"start":{"line":392,"column":27},"end":{"line":404,"column":3}},"line":392},"12":{"name":"(anonymous_12)","decl":{"start":{"line":406,"column":2},"end":{"line":406,"column":3}},"loc":{"start":{"line":406,"column":45},"end":{"line":429,"column":7}},"line":406},"13":{"name":"(anonymous_13)","decl":{"start":{"line":410,"column":36},"end":{"line":410,"column":37}},"loc":{"start":{"line":410,"column":47},"end":{"line":418,"column":9}},"line":410}},"branchMap":{"0":{"loc":{"start":{"line":52,"column":4},"end":{"line":173,"column":5}},"type":"if","locations":[{"start":{"line":52,"column":4},"end":{"line":173,"column":5}},{"start":{"line":166,"column":9},"end":{"line":173,"column":5}}],"line":52},"1":{"loc":{"start":{"line":83,"column":8},"end":{"line":135,"column":9}},"type":"if","locations":[{"start":{"line":83,"column":8},"end":{"line":135,"column":9}},{"start":{"line":116,"column":13},"end":{"line":135,"column":9}}],"line":83},"2":{"loc":{"start":{"line":84,"column":12},"end":{"line":85,"column":35}},"type":"binary-expr","locations":[{"start":{"line":84,"column":12},"end":{"line":84,"column":55}},{"start":{"line":85,"column":12},"end":{"line":85,"column":35}}],"line":84},"3":{"loc":{"start":{"line":92,"column":10},"end":{"line":94,"column":11}},"type":"if","locations":[{"start":{"line":92,"column":10},"end":{"line":94,"column":11}},{"start":{},"end":{}}],"line":92},"4":{"loc":{"start":{"line":99,"column":10},"end":{"line":99,"column":161}},"type":"cond-expr","locations":[{"start":{"line":99,"column":34},"end":{"line":99,"column":138}},{"start":{"line":99,"column":141},"end":{"line":99,"column":161}}],"line":99},"5":{"loc":{"start":{"line":106,"column":10},"end":{"line":110,"column":11}},"type":"if","locations":[{"start":{"line":106,"column":10},"end":{"line":110,"column":11}},{"start":{},"end":{}}],"line":106},"6":{"loc":{"start":{"line":112,"column":169},"end":{"line":112,"column":217}},"type":"cond-expr","locations":[{"start":{"line":112,"column":192},"end":{"line":112,"column":212}},{"start":{"line":112,"column":215},"end":{"line":112,"column":217}}],"line":112},"7":{"loc":{"start":{"line":116,"column":13},"end":{"line":135,"column":9}},"type":"if","locations":[{"start":{"line":116,"column":13},"end":{"line":135,"column":9}},{"start":{"line":130,"column":13},"end":{"line":135,"column":9}}],"line":116},"8":{"loc":{"start":{"line":130,"column":13},"end":{"line":135,"column":9}},"type":"if","locations":[{"start":{"line":130,"column":13},"end":{"line":135,"column":9}},{"start":{},"end":{}}],"line":130},"9":{"loc":{"start":{"line":138,"column":8},"end":{"line":157,"column":9}},"type":"if","locations":[{"start":{"line":138,"column":8},"end":{"line":157,"column":9}},{"start":{},"end":{}}],"line":138},"10":{"loc":{"start":{"line":141,"column":36},"end":{"line":143,"column":105}},"type":"cond-expr","locations":[{"start":{"line":142,"column":71},"end":{"line":142,"column":84}},{"start":{"line":143,"column":14},"end":{"line":143,"column":105}}],"line":141},"11":{"loc":{"start":{"line":146,"column":27},"end":{"line":146,"column":72}},"type":"cond-expr","locations":[{"start":{"line":146,"column":51},"end":{"line":146,"column":67}},{"start":{"line":146,"column":70},"end":{"line":146,"column":72}}],"line":146},"12":{"loc":{"start":{"line":147,"column":27},"end":{"line":147,"column":81}},"type":"cond-expr","locations":[{"start":{"line":147,"column":46},"end":{"line":147,"column":59}},{"start":{"line":147,"column":62},"end":{"line":147,"column":81}}],"line":147},"13":{"loc":{"start":{"line":178,"column":4},"end":{"line":182,"column":5}},"type":"if","locations":[{"start":{"line":178,"column":4},"end":{"line":182,"column":5}},{"start":{"line":180,"column":11},"end":{"line":182,"column":5}}],"line":178},"14":{"loc":{"start":{"line":214,"column":4},"end":{"line":218,"column":5}},"type":"if","locations":[{"start":{"line":214,"column":4},"end":{"line":218,"column":5}},{"start":{"line":216,"column":11},"end":{"line":218,"column":5}}],"line":214},"15":{"loc":{"start":{"line":222,"column":4},"end":{"line":225,"column":5}},"type":"if","locations":[{"start":{"line":222,"column":4},"end":{"line":225,"column":5}},{"start":{},"end":{}}],"line":222},"16":{"loc":{"start":{"line":222,"column":8},"end":{"line":222,"column":44}},"type":"binary-expr","locations":[{"start":{"line":222,"column":8},"end":{"line":222,"column":20}},{"start":{"line":222,"column":24},"end":{"line":222,"column":44}}],"line":222},"17":{"loc":{"start":{"line":227,"column":4},"end":{"line":233,"column":5}},"type":"if","locations":[{"start":{"line":227,"column":4},"end":{"line":233,"column":5}},{"start":{},"end":{}}],"line":227},"18":{"loc":{"start":{"line":235,"column":4},"end":{"line":245,"column":5}},"type":"if","locations":[{"start":{"line":235,"column":4},"end":{"line":245,"column":5}},{"start":{},"end":{}}],"line":235},"19":{"loc":{"start":{"line":238,"column":6},"end":{"line":241,"column":7}},"type":"if","locations":[{"start":{"line":238,"column":6},"end":{"line":241,"column":7}},{"start":{},"end":{}}],"line":238},"20":{"loc":{"start":{"line":261,"column":4},"end":{"line":264,"column":5}},"type":"if","locations":[{"start":{"line":261,"column":4},"end":{"line":264,"column":5}},{"start":{},"end":{}}],"line":261},"21":{"loc":{"start":{"line":265,"column":4},"end":{"line":269,"column":5}},"type":"if","locations":[{"start":{"line":265,"column":4},"end":{"line":269,"column":5}},{"start":{},"end":{}}],"line":265},"22":{"loc":{"start":{"line":270,"column":4},"end":{"line":279,"column":5}},"type":"if","locations":[{"start":{"line":270,"column":4},"end":{"line":279,"column":5}},{"start":{"line":273,"column":11},"end":{"line":279,"column":5}}],"line":270},"23":{"loc":{"start":{"line":270,"column":8},"end":{"line":270,"column":47}},"type":"binary-expr","locations":[{"start":{"line":270,"column":8},"end":{"line":270,"column":14}},{"start":{"line":270,"column":18},"end":{"line":270,"column":47}}],"line":270},"24":{"loc":{"start":{"line":273,"column":11},"end":{"line":279,"column":5}},"type":"if","locations":[{"start":{"line":273,"column":11},"end":{"line":279,"column":5}},{"start":{"line":276,"column":11},"end":{"line":279,"column":5}}],"line":273},"25":{"loc":{"start":{"line":273,"column":14},"end":{"line":273,"column":47}},"type":"binary-expr","locations":[{"start":{"line":273,"column":14},"end":{"line":273,"column":21}},{"start":{"line":273,"column":25},"end":{"line":273,"column":47}}],"line":273},"26":{"loc":{"start":{"line":281,"column":4},"end":{"line":283,"column":5}},"type":"switch","locations":[{"start":{"line":282,"column":6},"end":{"line":282,"column":25}}],"line":281},"27":{"loc":{"start":{"line":289,"column":4},"end":{"line":373,"column":5}},"type":"if","locations":[{"start":{"line":289,"column":4},"end":{"line":373,"column":5}},{"start":{"line":366,"column":11},"end":{"line":373,"column":5}}],"line":289},"28":{"loc":{"start":{"line":303,"column":8},"end":{"line":308,"column":9}},"type":"if","locations":[{"start":{"line":303,"column":8},"end":{"line":308,"column":9}},{"start":{},"end":{}}],"line":303},"29":{"loc":{"start":{"line":305,"column":10},"end":{"line":307,"column":11}},"type":"if","locations":[{"start":{"line":305,"column":10},"end":{"line":307,"column":11}},{"start":{},"end":{}}],"line":305},"30":{"loc":{"start":{"line":316,"column":29},"end":{"line":316,"column":147}},"type":"cond-expr","locations":[{"start":{"line":316,"column":73},"end":{"line":316,"column":108}},{"start":{"line":316,"column":111},"end":{"line":316,"column":147}}],"line":316},"31":{"loc":{"start":{"line":319,"column":8},"end":{"line":323,"column":9}},"type":"if","locations":[{"start":{"line":319,"column":8},"end":{"line":323,"column":9}},{"start":{"line":321,"column":16},"end":{"line":323,"column":9}}],"line":319},"32":{"loc":{"start":{"line":326,"column":8},"end":{"line":329,"column":9}},"type":"if","locations":[{"start":{"line":326,"column":8},"end":{"line":329,"column":9}},{"start":{},"end":{}}],"line":326},"33":{"loc":{"start":{"line":332,"column":8},"end":{"line":336,"column":9}},"type":"if","locations":[{"start":{"line":332,"column":8},"end":{"line":336,"column":9}},{"start":{"line":334,"column":15},"end":{"line":336,"column":9}}],"line":332},"34":{"loc":{"start":{"line":376,"column":25},"end":{"line":376,"column":43}},"type":"default-arg","locations":[{"start":{"line":376,"column":38},"end":{"line":376,"column":43}}],"line":376},"35":{"loc":{"start":{"line":378,"column":6},"end":{"line":384,"column":7}},"type":"if","locations":[{"start":{"line":378,"column":6},"end":{"line":384,"column":7}},{"start":{"line":380,"column":13},"end":{"line":384,"column":7}}],"line":378},"36":{"loc":{"start":{"line":380,"column":13},"end":{"line":384,"column":7}},"type":"if","locations":[{"start":{"line":380,"column":13},"end":{"line":384,"column":7}},{"start":{"line":382,"column":13},"end":{"line":384,"column":7}}],"line":380},"37":{"loc":{"start":{"line":382,"column":13},"end":{"line":384,"column":7}},"type":"if","locations":[{"start":{"line":382,"column":13},"end":{"line":384,"column":7}},{"start":{},"end":{}}],"line":382},"38":{"loc":{"start":{"line":383,"column":8},"end":{"line":383,"column":62}},"type":"if","locations":[{"start":{"line":383,"column":8},"end":{"line":383,"column":62}},{"start":{},"end":{}}],"line":383},"39":{"loc":{"start":{"line":409,"column":6},"end":{"line":428,"column":9}},"type":"if","locations":[{"start":{"line":409,"column":6},"end":{"line":428,"column":9}},{"start":{},"end":{}}],"line":409}},"s":{"0":2,"1":2,"2":2,"3":2,"4":2,"5":2,"6":2,"7":2,"8":2,"9":2,"10":2,"11":2,"12":2,"13":3,"14":3,"15":3,"16":3,"17":3,"18":3,"19":3,"20":3,"21":3,"22":3,"23":3,"24":3,"25":3,"26":3,"27":3,"28":3,"29":3,"30":0,"31":0,"32":0,"33":0,"34":0,"35":0,"36":0,"37":0,"38":0,"39":0,"40":0,"41":0,"42":0,"43":0,"44":0,"45":0,"46":0,"47":0,"48":0,"49":0,"50":0,"51":0,"52":0,"53":0,"54":0,"55":0,"56":0,"57":0,"58":0,"59":0,"60":0,"61":0,"62":0,"63":0,"64":0,"65":0,"66":0,"67":0,"68":0,"69":0,"70":0,"71":0,"72":0,"73":0,"74":0,"75":0,"76":0,"77":0,"78":0,"79":0,"80":0,"81":0,"82":0,"83":0,"84":0,"85":0,"86":0,"87":0,"88":0,"89":0,"90":0,"91":0,"92":0,"93":0,"94":2,"95":2,"96":0,"97":2,"98":2,"99":34,"100":2,"101":2,"102":2,"103":2,"104":2,"105":2,"106":2,"107":2,"108":2,"109":2,"110":2,"111":0,"112":2,"113":1,"114":1,"115":2,"116":1,"117":1,"118":1,"119":1,"120":1,"121":1,"122":0,"123":0,"124":0,"125":0,"126":0,"127":0,"128":0,"129":1,"130":1,"131":1,"132":0,"133":0,"134":0,"135":0,"136":0,"137":0,"138":0,"139":0,"140":0,"141":0,"142":0,"143":0,"144":0,"145":0,"146":0,"147":0,"148":0,"149":0,"150":0,"151":0,"152":0,"153":0,"154":0,"155":0,"156":0,"157":0,"158":0,"159":0,"160":0,"161":0,"162":0,"163":0,"164":0,"165":0,"166":0,"167":0,"168":0,"169":0,"170":0,"171":0,"172":0,"173":0,"174":0,"175":0,"176":0,"177":0,"178":0,"179":0,"180":0,"181":0,"182":0,"183":0,"184":0,"185":0,"186":0,"187":0,"188":0,"189":0,"190":0,"191":0,"192":0,"193":0,"194":0,"195":0,"196":0,"197":0,"198":0,"199":0,"200":0,"201":0,"202":0,"203":0,"204":0,"205":0,"206":0,"207":0,"208":0,"209":0,"210":0,"211":0,"212":0,"213":0,"214":0,"215":0,"216":0,"217":0,"218":0},"f":{"0":3,"1":0,"2":2,"3":2,"4":34,"5":2,"6":0,"7":0,"8":0,"9":0,"10":0,"11":0,"12":0,"13":0},"b":{"0":[0,0],"1":[0,0],"2":[0,0],"3":[0,0],"4":[0,0],"5":[0,0],"6":[0,0],"7":[0,0],"8":[0,0],"9":[0,0],"10":[0,0],"11":[0,0],"12":[0,0],"13":[2,0],"14":[2,0],"15":[1,1],"16":[2,1],"17":[1,1],"18":[0,1],"19":[0,0],"20":[0,0],"21":[0,0],"22":[0,0],"23":[0,0],"24":[0,0],"25":[0,0],"26":[0],"27":[0,0],"28":[0,0],"29":[0,0],"30":[0,0],"31":[0,0],"32":[0,0],"33":[0,0],"34":[0],"35":[0,0],"36":[0,0],"37":[0,0],"38":[0,0],"39":[0,0]},"_coverageSchema":"1a1c01bbd47fc00a2c39e90264f33305004495a9","hash":"a5b19c7bc05058bc1476d5c1bf5e4e6cec282efa"}
,"C:\\Users\\User\\Desktop\\nazar's kitchen\\Chicken_Kitchen\\services\\addDataToFile.js": {"path":"C:\\Users\\User\\Desktop\\nazar's kitchen\\Chicken_Kitchen\\services\\addDataToFile.js","statementMap":{"0":{"start":{"line":1,"column":11},"end":{"line":1,"column":24}},"1":{"start":{"line":4,"column":16},"end":{"line":6,"column":5}},"2":{"start":{"line":5,"column":8},"end":{"line":5,"column":41}},"3":{"start":{"line":9,"column":19},"end":{"line":9,"column":35}},"4":{"start":{"line":11,"column":0},"end":{"line":11,"column":28}}},"fnMap":{"0":{"name":"(anonymous_0)","decl":{"start":{"line":4,"column":16},"end":{"line":4,"column":17}},"loc":{"start":{"line":4,"column":36},"end":{"line":6,"column":5}},"line":4}},"branchMap":{},"s":{"0":2,"1":2,"2":0,"3":2,"4":2},"f":{"0":0},"b":{},"_coverageSchema":"1a1c01bbd47fc00a2c39e90264f33305004495a9","hash":"d2901ff58f8419c90b0196de64cb0fe9f44b2367"}
,"C:\\Users\\User\\Desktop\\nazar's kitchen\\Chicken_Kitchen\\services\\getDataFromCsvFile.js": {"path":"C:\\Users\\User\\Desktop\\nazar's kitchen\\Chicken_Kitchen\\services\\getDataFromCsvFile.js","statementMap":{"0":{"start":{"line":1,"column":11},"end":{"line":1,"column":24}},"1":{"start":{"line":2,"column":12},"end":{"line":2,"column":33}},"2":{"start":{"line":7,"column":22},"end":{"line":7,"column":24}},"3":{"start":{"line":8,"column":8},"end":{"line":14,"column":11}},"4":{"start":{"line":9,"column":10},"end":{"line":13,"column":43}},"5":{"start":{"line":11,"column":34},"end":{"line":11,"column":42}},"6":{"start":{"line":12,"column":34},"end":{"line":12,"column":52}},"7":{"start":{"line":13,"column":29},"end":{"line":13,"column":41}},"8":{"start":{"line":19,"column":23},"end":{"line":19,"column":44}},"9":{"start":{"line":21,"column":0},"end":{"line":21,"column":32}}},"fnMap":{"0":{"name":"(anonymous_0)","decl":{"start":{"line":6,"column":4},"end":{"line":6,"column":5}},"loc":{"start":{"line":6,"column":26},"end":{"line":15,"column":7}},"line":6},"1":{"name":"(anonymous_1)","decl":{"start":{"line":8,"column":27},"end":{"line":8,"column":28}},"loc":{"start":{"line":8,"column":41},"end":{"line":14,"column":9}},"line":8},"2":{"name":"(anonymous_2)","decl":{"start":{"line":11,"column":25},"end":{"line":11,"column":26}},"loc":{"start":{"line":11,"column":34},"end":{"line":11,"column":42}},"line":11},"3":{"name":"(anonymous_3)","decl":{"start":{"line":12,"column":24},"end":{"line":12,"column":25}},"loc":{"start":{"line":12,"column":34},"end":{"line":12,"column":52}},"line":12},"4":{"name":"(anonymous_4)","decl":{"start":{"line":13,"column":23},"end":{"line":13,"column":24}},"loc":{"start":{"line":13,"column":29},"end":{"line":13,"column":41}},"line":13}},"branchMap":{},"s":{"0":2,"1":2,"2":18,"3":18,"4":18,"5":0,"6":153,"7":18,"8":2,"9":2},"f":{"0":18,"1":18,"2":0,"3":153,"4":18},"b":{},"_coverageSchema":"1a1c01bbd47fc00a2c39e90264f33305004495a9","hash":"d9498cc808cb48c4c7fad4e4422e31a913929fab"}
,"C:\\Users\\User\\Desktop\\nazar's kitchen\\Chicken_Kitchen\\services\\getDataFromFile.js": {"path":"C:\\Users\\User\\Desktop\\nazar's kitchen\\Chicken_Kitchen\\services\\getDataFromFile.js","statementMap":{"0":{"start":{"line":1,"column":11},"end":{"line":1,"column":24}},"1":{"start":{"line":5,"column":4},"end":{"line":10,"column":6}},"2":{"start":{"line":6,"column":6},"end":{"line":9,"column":8}},"3":{"start":{"line":7,"column":10},"end":{"line":7,"column":20}},"4":{"start":{"line":8,"column":9},"end":{"line":8,"column":21}},"5":{"start":{"line":14,"column":4},"end":{"line":34,"column":6}},"6":{"start":{"line":15,"column":6},"end":{"line":33,"column":8}},"7":{"start":{"line":31,"column":9},"end":{"line":31,"column":26}},"8":{"start":{"line":40,"column":16},"end":{"line":40,"column":34}},"9":{"start":{"line":43,"column":0},"end":{"line":43,"column":25}}},"fnMap":{"0":{"name":"(anonymous_0)","decl":{"start":{"line":4,"column":2},"end":{"line":4,"column":3}},"loc":{"start":{"line":4,"column":24},"end":{"line":11,"column":3}},"line":4},"1":{"name":"(anonymous_1)","decl":{"start":{"line":5,"column":23},"end":{"line":5,"column":24}},"loc":{"start":{"line":5,"column":37},"end":{"line":10,"column":5}},"line":5},"2":{"name":"(anonymous_2)","decl":{"start":{"line":6,"column":32},"end":{"line":6,"column":33}},"loc":{"start":{"line":6,"column":59},"end":{"line":9,"column":7}},"line":6},"3":{"name":"(anonymous_3)","decl":{"start":{"line":13,"column":2},"end":{"line":13,"column":3}},"loc":{"start":{"line":13,"column":29},"end":{"line":35,"column":3}},"line":13},"4":{"name":"(anonymous_4)","decl":{"start":{"line":14,"column":23},"end":{"line":14,"column":24}},"loc":{"start":{"line":14,"column":37},"end":{"line":34,"column":5}},"line":14},"5":{"name":"(anonymous_5)","decl":{"start":{"line":15,"column":32},"end":{"line":15,"column":33}},"loc":{"start":{"line":15,"column":59},"end":{"line":33,"column":7}},"line":15}},"branchMap":{},"s":{"0":2,"1":18,"2":18,"3":18,"4":18,"5":3,"6":3,"7":3,"8":2,"9":2},"f":{"0":18,"1":18,"2":18,"3":3,"4":3,"5":3},"b":{},"_coverageSchema":"1a1c01bbd47fc00a2c39e90264f33305004495a9","hash":"2ba96beb0a2192b8478f79bd3fb160c00a8c766e"}
}
