TN:
SF:Chicken_Kitchen\dataHandlers\allergie.js
FN:3,(anonymous_0)
FN:10,(anonymous_1)
FN:27,(anonymous_2)
FN:31,(anonymous_3)
FNF:4
FNH:2
FNDA:1,(anonymous_0)
FNDA:1,(anonymous_1)
FNDA:0,(anonymous_2)
FNDA:0,(anonymous_3)
DA:1,2
DA:2,2
DA:4,1
DA:5,1
DA:6,1
DA:7,1
DA:11,1
DA:12,1
DA:13,1
DA:15,0
DA:17,0
DA:18,0
DA:19,0
DA:20,0
DA:22,0
DA:24,1
DA:28,0
DA:29,0
DA:30,0
DA:31,0
DA:32,0
DA:35,0
DA:36,0
DA:37,0
DA:41,0
DA:43,0
DA:50,0
DA:52,0
DA:59,0
DA:61,0
DA:62,0
DA:70,0
DA:78,0
DA:82,0
DA:84,0
DA:85,0
DA:87,0
LF:37
LH:10
BRDA:11,0,0,1
BRDA:11,0,1,0
BRDA:18,1,0,0
BRDA:18,1,1,0
BRDA:35,2,0,0
BRDA:35,2,1,0
BRDA:41,3,0,0
BRDA:41,3,1,0
BRDA:41,3,2,0
BRDA:61,4,0,0
BRDA:61,4,1,0
BRF:11
BRH:1
end_of_record
TN:
SF:Chicken_Kitchen\dataHandlers\customer.js
FN:3,(anonymous_0)
FN:10,(anonymous_1)
FN:21,(anonymous_2)
FNF:3
FNH:3
FNDA:1,(anonymous_0)
FNDA:1,(anonymous_1)
FNDA:1,(anonymous_2)
DA:2,2
DA:4,1
DA:5,1
DA:6,1
DA:11,1
DA:12,1
DA:13,0
DA:14,0
DA:16,1
DA:17,1
DA:22,1
DA:24,1
DA:25,1
DA:26,0
DA:27,0
DA:32,0
DA:35,1
LF:17
LH:12
BRDA:12,0,0,0
BRDA:12,0,1,1
BRDA:12,1,0,1
BRDA:12,1,1,1
BRDA:24,2,0,1
BRDA:24,2,1,0
BRDA:25,3,0,0
BRDA:25,3,1,1
BRDA:25,4,0,1
BRDA:25,4,1,0
BRF:10
BRH:6
end_of_record
TN:
SF:Chicken_Kitchen\dataHandlers\customersDataParser.js
FN:2,(anonymous_0)
FN:7,(anonymous_1)
FN:9,(anonymous_2)
FN:16,(anonymous_3)
FNF:4
FNH:4
FNDA:3,(anonymous_0)
FNDA:1,(anonymous_1)
FNDA:7,(anonymous_2)
FNDA:1,(anonymous_3)
DA:1,2
DA:3,3
DA:4,3
DA:8,1
DA:9,1
DA:10,7
DA:13,1
DA:17,1
DA:18,1
DA:19,7
DA:21,1
LF:11
LH:11
BRF:0
BRH:0
end_of_record
TN:
SF:Chicken_Kitchen\dataHandlers\discount .js
FN:4,(anonymous_0)
FN:10,(anonymous_1)
FNF:2
FNH:0
FNDA:0,(anonymous_0)
FNDA:0,(anonymous_1)
DA:1,2
DA:3,2
DA:5,0
DA:6,0
DA:11,0
DA:12,0
DA:13,0
DA:15,0
DA:17,0
LF:9
LH:2
BRDA:13,0,0,0
BRDA:13,0,1,0
BRF:2
BRH:0
end_of_record
TN:
SF:Chicken_Kitchen\dataHandlers\dish.js
FN:2,(anonymous_0)
FN:10,(anonymous_1)
FN:18,(anonymous_2)
FN:29,(anonymous_3)
FN:41,(anonymous_4)
FNF:5
FNH:3
FNDA:1,(anonymous_0)
FNDA:2,(anonymous_1)
FNDA:2,(anonymous_2)
FNDA:0,(anonymous_3)
FNDA:0,(anonymous_4)
DA:1,2
DA:3,1
DA:4,1
DA:5,1
DA:6,1
DA:11,2
DA:12,2
DA:14,0
DA:19,2
DA:20,2
DA:21,2
DA:22,2
DA:24,0
DA:25,0
DA:29,0
DA:30,0
DA:31,0
DA:33,0
DA:35,0
DA:42,0
DA:43,0
DA:44,0
DA:45,0
DA:46,0
DA:47,0
DA:48,0
DA:52,0
LF:27
LH:11
BRDA:11,0,0,2
BRDA:11,0,1,0
BRDA:20,1,0,2
BRDA:20,1,1,0
BRDA:31,2,0,0
BRDA:31,2,1,0
BRDA:47,3,0,0
BRDA:47,3,1,0
BRF:8
BRH:2
end_of_record
TN:
SF:Chicken_Kitchen\dataHandlers\dishDataParser.js
FN:3,(anonymous_0)
FN:7,(anonymous_1)
FNF:2
FNH:2
FNDA:3,(anonymous_0)
FNDA:1,(anonymous_1)
DA:2,2
DA:4,3
DA:8,1
DA:9,1
DA:10,13
DA:13,1
LF:6
LH:6
BRF:0
BRH:0
end_of_record
TN:
SF:Chicken_Kitchen\dataHandlers\handleCustomersDataClass.js
FN:2,(anonymous_0)
FN:4,(anonymous_1)
FNF:2
FNH:2
FNDA:4,(anonymous_0)
FNDA:28,(anonymous_1)
DA:3,4
DA:4,4
DA:5,28
DA:8,4
DA:12,3
DA:14,3
LF:6
LH:6
BRF:0
BRH:0
end_of_record
TN:
SF:Chicken_Kitchen\dataHandlers\handleIAllDatasFromFiles.js
FN:6,(anonymous_0)
FNF:1
FNH:1
FNDA:3,(anonymous_0)
DA:1,2
DA:2,2
DA:3,2
DA:4,2
DA:6,2
DA:9,3
DA:10,3
DA:11,3
DA:13,3
DA:14,3
DA:16,3
DA:19,3
DA:23,3
DA:27,3
DA:31,3
DA:35,3
DA:39,3
DA:43,3
DA:48,3
DA:50,3
DA:54,3
DA:75,2
LF:22
LH:22
BRF:0
BRH:0
end_of_record
TN:
SF:Chicken_Kitchen\dataHandlers\handleWarehousDataClass.js
FN:4,(anonymous_0)
FN:8,(anonymous_1)
FN:11,(anonymous_2)
FN:14,(anonymous_3)
FNF:4
FNH:4
FNDA:3,(anonymous_0)
FNDA:174,(anonymous_1)
FNDA:174,(anonymous_2)
FNDA:87,(anonymous_3)
DA:6,3
DA:7,3
DA:8,3
DA:9,174
DA:11,3
DA:12,174
DA:14,3
DA:15,87
DA:17,3
DA:23,2
DA:25,2
LF:11
LH:11
BRF:0
BRH:0
end_of_record
TN:
SF:Chicken_Kitchen\dataHandlers\ingridientsPricesParser.js
FN:2,(anonymous_0)
FN:5,(anonymous_1)
FNF:2
FNH:2
FNDA:3,(anonymous_0)
FNDA:1,(anonymous_1)
DA:1,2
DA:3,3
DA:6,1
DA:7,1
DA:8,16
DA:11,1
LF:6
LH:6
BRF:0
BRH:0
end_of_record
TN:
SF:Chicken_Kitchen\dataHandlers\inputDataParser.js
FN:2,(anonymous_0)
FN:6,(anonymous_1)
FNF:2
FNH:2
FNDA:3,(anonymous_0)
FNDA:3,(anonymous_1)
DA:1,2
DA:3,3
DA:7,3
DA:8,3
DA:9,3
DA:10,3
DA:11,3
DA:12,3
DA:13,30
DA:14,30
DA:15,30
DA:16,30
DA:17,30
DA:18,30
DA:20,3
LF:15
LH:15
BRF:0
BRH:0
end_of_record
TN:
SF:Chicken_Kitchen\dataHandlers\tax.js
FN:4,(anonymous_0)
FN:11,(anonymous_1)
FNF:2
FNH:0
FNDA:0,(anonymous_0)
FNDA:0,(anonymous_1)
DA:1,2
DA:3,2
DA:5,0
DA:6,0
DA:7,0
DA:8,0
DA:9,0
DA:13,0
DA:17,0
DA:18,0
DA:21,0
DA:23,0
DA:32,0
LF:13
LH:2
BRDA:13,0,0,0
BRDA:13,0,1,0
BRDA:14,1,0,0
BRDA:14,1,1,0
BRF:4
BRH:0
end_of_record
TN:
SF:Chicken_Kitchen\dataHandlers\warehousCalculation.js
FN:2,(anonymous_0)
FN:9,(anonymous_1)
FN:28,(anonymous_2)
FNF:3
FNH:2
FNDA:1,(anonymous_0)
FNDA:1,(anonymous_1)
FNDA:0,(anonymous_2)
DA:1,2
DA:3,1
DA:5,1
DA:10,1
DA:11,1
DA:12,1
DA:14,1
DA:15,1
DA:18,0
DA:20,0
DA:21,0
DA:25,0
DA:29,0
DA:30,0
DA:31,0
DA:32,0
DA:34,0
DA:35,0
DA:36,0
DA:37,0
DA:38,0
DA:39,0
DA:40,0
LF:23
LH:8
BRDA:12,0,0,1
BRDA:12,0,1,0
BRDA:20,1,0,0
BRDA:20,1,1,0
BRDA:29,2,0,0
BRDA:29,2,1,0
BRDA:37,3,0,0
BRDA:37,3,1,0
BRF:8
BRH:1
end_of_record
TN:
SF:Chicken_Kitchen\dataHandlers\warehousDataParser.js
FN:2,(anonymous_0)
FN:5,(anonymous_1)
FN:8,(anonymous_2)
FN:11,(anonymous_3)
FN:14,(anonymous_4)
FNF:5
FNH:5
FNDA:3,(anonymous_0)
FNDA:3,(anonymous_1)
FNDA:102,(anonymous_2)
FNDA:102,(anonymous_3)
FNDA:51,(anonymous_4)
DA:1,2
DA:3,3
DA:6,3
DA:7,3
DA:8,3
DA:9,102
DA:11,3
DA:12,102
DA:14,3
DA:15,51
DA:17,3
DA:18,3
LF:12
LH:12
BRF:0
BRH:0
end_of_record
TN:
SF:Chicken_Kitchen\helpers\actionClass.js
FN:10,(anonymous_0)
FN:45,(anonymous_1)
FN:145,(anonymous_2)
FN:153,(anonymous_3)
FN:155,(anonymous_4)
FN:162,(anonymous_5)
FN:220,(anonymous_6)
FN:255,(anonymous_7)
FN:261,(anonymous_8)
FN:301,(anonymous_9)
FN:313,(anonymous_10)
FN:317,(anonymous_11)
FNF:12
FNH:5
FNDA:3,(anonymous_0)
FNDA:0,(anonymous_1)
FNDA:2,(anonymous_2)
FNDA:2,(anonymous_3)
FNDA:34,(anonymous_4)
FNDA:2,(anonymous_5)
FNDA:0,(anonymous_6)
FNDA:0,(anonymous_7)
FNDA:0,(anonymous_8)
FNDA:0,(anonymous_9)
FNDA:0,(anonymous_10)
FNDA:0,(anonymous_11)
DA:1,2
DA:2,2
DA:3,2
DA:4,2
DA:5,2
DA:6,2
DA:9,2
DA:24,3
DA:25,3
DA:26,3
DA:27,3
DA:28,3
DA:29,3
DA:30,3
DA:31,3
DA:32,3
DA:33,3
DA:34,3
DA:35,3
DA:36,3
DA:37,3
DA:39,3
DA:40,3
DA:41,3
DA:47,0
DA:48,0
DA:49,0
DA:50,0
DA:52,0
DA:53,0
DA:54,0
DA:55,0
DA:56,0
DA:62,0
DA:63,0
DA:64,0
DA:66,0
DA:75,0
DA:76,0
DA:77,0
DA:78,0
DA:79,0
DA:80,0
DA:82,0
DA:83,0
DA:85,0
DA:86,0
DA:87,0
DA:89,0
DA:90,0
DA:91,0
DA:92,0
DA:93,0
DA:98,0
DA:105,0
DA:109,0
DA:111,0
DA:113,0
DA:114,0
DA:116,0
DA:117,0
DA:119,0
DA:120,0
DA:121,0
DA:123,0
DA:124,0
DA:128,0
DA:135,0
DA:136,0
DA:139,0
DA:140,0
DA:141,0
DA:146,2
DA:147,2
DA:149,0
DA:154,2
DA:155,2
DA:156,34
DA:158,2
DA:163,2
DA:168,2
DA:170,2
DA:171,2
DA:173,2
DA:174,2
DA:176,2
DA:178,2
DA:182,2
DA:183,2
DA:185,0
DA:190,2
DA:191,1
DA:192,1
DA:195,2
DA:196,1
DA:197,1
DA:198,1
DA:199,1
DA:200,1
DA:203,1
DA:205,0
DA:206,0
DA:207,0
DA:208,0
DA:210,0
DA:211,0
DA:212,0
DA:215,1
DA:216,1
DA:217,1
DA:222,0
DA:223,0
DA:227,0
DA:229,0
DA:230,0
DA:231,0
DA:233,0
DA:234,0
DA:235,0
DA:236,0
DA:238,0
DA:239,0
DA:240,0
DA:241,0
DA:242,0
DA:243,0
DA:245,0
DA:246,0
DA:249,0
DA:252,0
DA:256,0
DA:258,0
DA:259,0
DA:260,0
DA:261,0
DA:262,0
DA:263,0
DA:266,0
DA:267,0
DA:269,0
DA:270,0
DA:272,0
DA:273,0
DA:274,0
DA:276,0
DA:278,0
DA:279,0
DA:280,0
DA:281,0
DA:283,0
DA:288,0
DA:289,0
DA:292,0
DA:302,0
DA:303,0
DA:304,0
DA:305,0
DA:306,0
DA:307,0
DA:308,0
DA:310,0
DA:314,0
DA:315,0
DA:316,0
DA:317,0
DA:318,0
DA:324,0
DA:330,0
DA:331,0
LF:169
LH:53
BRDA:66,0,0,0
BRDA:66,0,1,0
BRDA:67,1,0,0
BRDA:67,1,1,0
BRDA:79,2,0,0
BRDA:79,2,1,0
BRDA:90,3,0,0
BRDA:90,3,1,0
BRDA:98,4,0,0
BRDA:98,4,1,0
BRDA:113,5,0,0
BRDA:113,5,1,0
BRDA:121,6,0,0
BRDA:121,6,1,0
BRDA:124,7,0,0
BRDA:124,7,1,0
BRDA:129,8,0,0
BRDA:129,8,1,0
BRDA:130,9,0,0
BRDA:130,9,1,0
BRDA:146,10,0,2
BRDA:146,10,1,0
BRDA:182,11,0,2
BRDA:182,11,1,0
BRDA:190,12,0,1
BRDA:190,12,1,1
BRDA:190,13,0,2
BRDA:190,13,1,1
BRDA:195,14,0,1
BRDA:195,14,1,1
BRDA:203,15,0,0
BRDA:203,15,1,1
BRDA:206,16,0,0
BRDA:206,16,1,0
BRDA:229,17,0,0
BRDA:229,17,1,0
BRDA:233,18,0,0
BRDA:233,18,1,0
BRDA:238,19,0,0
BRDA:238,19,1,0
BRDA:238,20,0,0
BRDA:238,20,1,0
BRDA:241,21,0,0
BRDA:241,21,1,0
BRDA:241,22,0,0
BRDA:241,22,1,0
BRDA:249,23,0,0
BRDA:274,24,0,0
BRDA:274,24,1,0
BRDA:280,25,0,0
BRDA:280,25,1,0
BRDA:301,26,0,0
BRDA:303,27,0,0
BRDA:303,27,1,0
BRDA:305,28,0,0
BRDA:305,28,1,0
BRDA:307,29,0,0
BRDA:307,29,1,0
BRDA:308,30,0,0
BRDA:308,30,1,0
BRDA:316,31,0,0
BRDA:316,31,1,0
BRF:62
BRH:9
end_of_record
TN:
SF:Chicken_Kitchen\services\getDataFromCsvFile.js
FN:6,(anonymous_0)
FN:8,(anonymous_1)
FN:11,(anonymous_2)
FN:12,(anonymous_3)
FN:13,(anonymous_4)
FNF:5
FNH:4
FNDA:18,(anonymous_0)
FNDA:18,(anonymous_1)
FNDA:0,(anonymous_2)
FNDA:153,(anonymous_3)
FNDA:18,(anonymous_4)
DA:1,2
DA:2,2
DA:7,18
DA:8,18
DA:9,18
DA:11,0
DA:12,153
DA:13,18
DA:19,2
DA:21,2
LF:10
LH:9
BRF:0
BRH:0
end_of_record
TN:
SF:Chicken_Kitchen\services\getDataFromFile.js
FN:4,(anonymous_0)
FN:5,(anonymous_1)
FN:6,(anonymous_2)
FN:13,(anonymous_3)
FN:14,(anonymous_4)
FN:15,(anonymous_5)
FNF:6
FNH:6
FNDA:18,(anonymous_0)
FNDA:18,(anonymous_1)
FNDA:18,(anonymous_2)
FNDA:3,(anonymous_3)
FNDA:3,(anonymous_4)
FNDA:3,(anonymous_5)
DA:1,2
DA:5,18
DA:6,18
DA:7,18
DA:8,18
DA:14,3
DA:15,3
DA:31,3
DA:40,2
DA:43,2
LF:10
LH:10
BRF:0
BRH:0
end_of_record
TN:
SF:dataHandlers\allergie.js
FN:5,(anonymous_0)
FN:12,(anonymous_1)
FN:17,(anonymous_2)
FN:36,(anonymous_3)
FN:40,(anonymous_4)
FNF:5
FNH:2
FNDA:1,(anonymous_0)
FNDA:1,(anonymous_1)
FNDA:0,(anonymous_2)
FNDA:0,(anonymous_3)
FNDA:0,(anonymous_4)
DA:1,2
DA:2,2
DA:4,2
DA:6,1
DA:7,1
DA:8,1
DA:9,1
DA:13,1
DA:14,1
DA:16,0
DA:17,0
DA:18,0
DA:22,0
DA:24,0
DA:26,0
DA:27,0
DA:28,0
DA:29,0
DA:31,0
DA:33,0
DA:37,0
DA:38,0
DA:39,0
DA:40,0
DA:41,0
DA:44,0
DA:45,0
DA:46,0
DA:50,0
DA:52,0
DA:61,0
DA:63,0
DA:70,0
DA:72,0
DA:73,0
DA:81,0
DA:89,0
DA:93,0
DA:95,0
DA:96,0
DA:98,0
LF:41
LH:9
BRDA:13,0,0,1
BRDA:13,0,1,0
BRDA:27,1,0,0
BRDA:27,1,1,0
BRDA:44,2,0,0
BRDA:44,2,1,0
BRDA:50,3,0,0
BRDA:50,3,1,0
BRDA:50,3,2,0
BRDA:72,4,0,0
BRDA:72,4,1,0
BRF:11
BRH:1
end_of_record
TN:
SF:dataHandlers\customer.js
FN:3,(anonymous_0)
FN:10,(anonymous_1)
FN:21,(anonymous_2)
FNF:3
FNH:3
FNDA:1,(anonymous_0)
FNDA:1,(anonymous_1)
FNDA:1,(anonymous_2)
DA:2,2
DA:4,1
DA:5,1
DA:6,1
DA:11,1
DA:12,1
DA:13,0
DA:14,0
DA:16,1
DA:17,1
DA:22,1
DA:24,1
DA:25,1
DA:26,0
DA:27,0
DA:32,0
DA:35,1
LF:17
LH:12
BRDA:12,0,0,0
BRDA:12,0,1,1
BRDA:12,1,0,1
BRDA:12,1,1,1
BRDA:24,2,0,1
BRDA:24,2,1,0
BRDA:25,3,0,0
BRDA:25,3,1,1
BRDA:25,4,0,1
BRDA:25,4,1,0
BRF:10
BRH:6
end_of_record
TN:
SF:dataHandlers\customersDataParser.js
FN:2,(anonymous_0)
FN:7,(anonymous_1)
FN:9,(anonymous_2)
FN:16,(anonymous_3)
FNF:4
FNH:4
FNDA:3,(anonymous_0)
FNDA:1,(anonymous_1)
FNDA:7,(anonymous_2)
FNDA:1,(anonymous_3)
DA:1,2
DA:3,3
DA:4,3
DA:8,1
DA:9,1
DA:10,7
DA:13,1
DA:17,1
DA:18,1
DA:19,7
DA:21,1
LF:11
LH:11
BRF:0
BRH:0
end_of_record
TN:
SF:dataHandlers\discount .js
FN:2,(anonymous_0)
FN:8,(anonymous_1)
FNF:2
FNH:1
FNDA:2,(anonymous_0)
FNDA:0,(anonymous_1)
DA:3,2
DA:4,2
DA:9,0
DA:10,0
DA:11,0
DA:13,0
DA:15,0
DA:19,2
DA:21,2
LF:9
LH:4
BRDA:11,0,0,0
BRDA:11,0,1,0
BRF:2
BRH:0
end_of_record
TN:
SF:dataHandlers\dish.js
FN:2,(anonymous_0)
FN:10,(anonymous_1)
FN:20,(anonymous_2)
FN:29,(anonymous_3)
FN:40,(anonymous_4)
FN:52,(anonymous_5)
FNF:6
FNH:3
FNDA:1,(anonymous_0)
FNDA:2,(anonymous_1)
FNDA:0,(anonymous_2)
FNDA:2,(anonymous_3)
FNDA:0,(anonymous_4)
FNDA:0,(anonymous_5)
DA:1,2
DA:3,1
DA:4,1
DA:5,1
DA:6,1
DA:11,2
DA:12,2
DA:14,0
DA:30,2
DA:31,2
DA:32,2
DA:33,2
DA:35,0
DA:36,0
DA:40,0
DA:41,0
DA:42,0
DA:44,0
DA:46,0
DA:53,0
DA:54,0
DA:55,0
DA:56,0
DA:57,0
DA:58,0
DA:59,0
DA:63,0
LF:27
LH:11
BRDA:11,0,0,2
BRDA:11,0,1,0
BRDA:31,1,0,2
BRDA:31,1,1,0
BRDA:42,2,0,0
BRDA:42,2,1,0
BRDA:58,3,0,0
BRDA:58,3,1,0
BRF:8
BRH:2
end_of_record
TN:
SF:dataHandlers\dishDataParser.js
FN:3,(anonymous_0)
FN:7,(anonymous_1)
FNF:2
FNH:2
FNDA:3,(anonymous_0)
FNDA:1,(anonymous_1)
DA:2,3
DA:4,3
DA:8,1
DA:9,1
DA:10,13
DA:13,1
LF:6
LH:6
BRF:0
BRH:0
end_of_record
TN:
SF:dataHandlers\handleCustomersDataClass.js
FN:2,(anonymous_0)
FN:4,(anonymous_1)
FNF:2
FNH:2
FNDA:3,(anonymous_0)
FNDA:21,(anonymous_1)
DA:3,3
DA:4,3
DA:5,21
DA:8,3
DA:12,2
DA:14,2
LF:6
LH:6
BRF:0
BRH:0
end_of_record
TN:
SF:dataHandlers\handleIAllDatasFromFiles.js
FN:6,(anonymous_0)
FNF:1
FNH:1
FNDA:3,(anonymous_0)
DA:1,2
DA:2,2
DA:3,2
DA:4,2
DA:6,2
DA:9,3
DA:10,3
DA:11,3
DA:13,3
DA:14,3
DA:16,3
DA:19,3
DA:23,3
DA:27,3
DA:31,3
DA:35,3
DA:39,3
DA:43,3
DA:48,3
DA:50,3
DA:54,3
DA:75,2
LF:22
LH:22
BRF:0
BRH:0
end_of_record
TN:
SF:dataHandlers\handleWarehousDataClass.js
FN:4,(anonymous_0)
FN:8,(anonymous_1)
FN:11,(anonymous_2)
FN:14,(anonymous_3)
FNF:4
FNH:4
FNDA:3,(anonymous_0)
FNDA:174,(anonymous_1)
FNDA:174,(anonymous_2)
FNDA:87,(anonymous_3)
DA:6,3
DA:7,3
DA:8,3
DA:9,174
DA:11,3
DA:12,174
DA:14,3
DA:15,87
DA:17,3
DA:23,2
DA:25,2
LF:11
LH:11
BRF:0
BRH:0
end_of_record
TN:
SF:dataHandlers\ingridientsPricesParser.js
FN:2,(anonymous_0)
FN:5,(anonymous_1)
FNF:2
FNH:2
FNDA:3,(anonymous_0)
FNDA:1,(anonymous_1)
DA:1,2
DA:3,3
DA:6,1
DA:7,1
DA:8,16
DA:11,1
LF:6
LH:6
BRF:0
BRH:0
end_of_record
TN:
SF:dataHandlers\inputDataParser.js
FN:2,(anonymous_0)
FN:6,(anonymous_1)
FN:18,(anonymous_2)
FNF:3
FNH:3
FNDA:3,(anonymous_0)
FNDA:3,(anonymous_1)
FNDA:12,(anonymous_2)
DA:1,2
DA:3,3
DA:7,3
DA:8,3
DA:9,3
DA:10,3
DA:11,3
DA:12,3
DA:13,30
DA:14,30
DA:15,30
DA:16,30
DA:17,6
DA:18,6
DA:19,12
DA:20,12
DA:21,6
DA:23,12
DA:24,12
DA:28,30
DA:29,30
DA:30,30
DA:32,3
LF:23
LH:23
BRDA:16,0,0,6
BRDA:16,0,1,24
BRDA:20,1,0,6
BRDA:20,1,1,6
BRF:4
BRH:4
end_of_record
TN:
SF:dataHandlers\spoilingService.js
FN:3,(anonymous_0)
FN:9,(anonymous_1)
FNF:2
FNH:0
FNDA:0,(anonymous_0)
FNDA:0,(anonymous_1)
DA:3,2
DA:4,0
DA:5,0
DA:6,0
DA:9,2
DA:10,0
DA:11,0
DA:12,0
DA:13,0
DA:14,0
DA:15,0
DA:18,0
DA:22,2
DA:24,2
LF:14
LH:4
BRDA:4,0,0,0
BRDA:4,0,1,0
BRDA:13,1,0,0
BRDA:13,1,1,0
BRF:4
BRH:0
end_of_record
TN:
SF:dataHandlers\tax.js
FN:4,(anonymous_0)
FN:11,(anonymous_1)
FNF:2
FNH:0
FNDA:0,(anonymous_0)
FNDA:0,(anonymous_1)
DA:1,2
DA:3,2
DA:5,0
DA:6,0
DA:7,0
DA:8,0
DA:9,0
DA:13,0
DA:17,0
DA:18,0
DA:21,0
DA:23,0
DA:32,0
LF:13
LH:2
BRDA:13,0,0,0
BRDA:13,0,1,0
BRDA:14,1,0,0
BRDA:14,1,1,0
BRF:4
BRH:0
end_of_record
TN:
SF:dataHandlers\trashService.js
FN:2,(anonymous_0)
FN:7,(anonymous_1)
FN:10,(anonymous_2)
FN:13,(anonymous_3)
FN:16,(anonymous_4)
FN:19,(anonymous_5)
FN:21,(anonymous_6)
FN:25,(anonymous_7)
FN:30,(anonymous_8)
FN:37,(anonymous_9)
FN:44,(anonymous_10)
FN:47,(anonymous_11)
FN:49,(anonymous_12)
FN:50,(anonymous_13)
FN:61,(anonymous_14)
FNF:15
FNH:2
FNDA:2,(anonymous_0)
FNDA:2,(anonymous_1)
FNDA:0,(anonymous_2)
FNDA:0,(anonymous_3)
FNDA:0,(anonymous_4)
FNDA:0,(anonymous_5)
FNDA:0,(anonymous_6)
FNDA:0,(anonymous_7)
FNDA:0,(anonymous_8)
FNDA:0,(anonymous_9)
FNDA:0,(anonymous_10)
FNDA:0,(anonymous_11)
FNDA:0,(anonymous_12)
FNDA:0,(anonymous_13)
FNDA:0,(anonymous_14)
DA:3,2
DA:4,2
DA:5,2
DA:7,2
DA:8,2
DA:10,2
DA:11,0
DA:13,2
DA:14,0
DA:16,2
DA:17,0
DA:19,2
DA:20,0
DA:21,0
DA:22,0
DA:25,2
DA:26,0
DA:27,0
DA:28,0
DA:30,2
DA:31,0
DA:32,0
DA:33,0
DA:35,0
DA:37,2
DA:38,0
DA:39,0
DA:41,0
DA:44,2
DA:45,0
DA:47,2
DA:48,0
DA:50,0
DA:51,0
DA:53,0
DA:54,0
DA:56,0
DA:59,0
DA:61,2
DA:62,0
DA:63,0
DA:64,0
DA:66,0
DA:67,0
DA:71,2
DA:72,2
LF:46
LH:17
BRDA:14,0,0,0
BRDA:14,0,1,0
BRDA:32,1,0,0
BRDA:32,1,1,0
BRDA:38,2,0,0
BRDA:38,2,1,0
BRDA:48,3,0,0
BRDA:48,3,1,0
BRDA:53,4,0,0
BRDA:53,4,1,0
BRDA:63,5,0,0
BRDA:63,5,1,0
BRF:12
BRH:0
end_of_record
TN:
SF:dataHandlers\warehousCalculation.js
FN:6,(anonymous_0)
FN:15,(anonymous_1)
FN:19,(anonymous_2)
FN:28,(anonymous_3)
FN:32,(anonymous_4)
FN:49,(anonymous_5)
FN:65,(anonymous_6)
FN:80,(anonymous_7)
FNF:8
FNH:3
FNDA:1,(anonymous_0)
FNDA:1,(anonymous_1)
FNDA:0,(anonymous_2)
FNDA:0,(anonymous_3)
FNDA:1,(anonymous_4)
FNDA:0,(anonymous_5)
FNDA:0,(anonymous_6)
FNDA:0,(anonymous_7)
DA:1,2
DA:2,2
DA:3,2
DA:5,2
DA:7,1
DA:9,1
DA:10,1
DA:15,1
DA:16,1
DA:18,0
DA:19,0
DA:20,0
DA:21,0
DA:23,0
DA:28,1
DA:29,0
DA:34,1
DA:35,1
DA:36,0
DA:37,0
DA:38,0
DA:40,0
DA:41,0
DA:42,0
DA:46,0
DA:51,0
DA:53,0
DA:54,0
DA:55,0
DA:56,0
DA:57,0
DA:58,0
DA:59,0
DA:60,0
DA:61,0
DA:62,0
DA:65,0
DA:66,0
DA:67,0
DA:68,0
DA:69,0
DA:70,0
DA:71,0
DA:72,0
DA:77,0
DA:81,0
DA:82,0
DA:83,0
DA:84,0
DA:86,0
DA:87,0
DA:88,0
DA:89,0
DA:90,0
DA:91,0
DA:92,0
LF:56
LH:12
BRDA:19,0,0,0
BRDA:19,0,1,0
BRDA:20,1,0,0
BRDA:20,1,1,0
BRDA:36,2,0,0
BRDA:36,2,1,0
BRDA:36,3,0,0
BRDA:36,3,1,0
BRDA:41,4,0,0
BRDA:41,4,1,0
BRDA:55,5,0,0
BRDA:55,5,1,0
BRDA:59,6,0,0
BRDA:59,6,1,0
BRDA:66,7,0,0
BRDA:66,7,1,0
BRDA:69,8,0,0
BRDA:69,8,1,0
BRDA:81,9,0,0
BRDA:81,9,1,0
BRDA:89,10,0,0
BRDA:89,10,1,0
BRF:22
BRH:0
end_of_record
TN:
SF:dataHandlers\warehousDataParser.js
FN:2,(anonymous_0)
FN:5,(anonymous_1)
FN:8,(anonymous_2)
FN:11,(anonymous_3)
FN:14,(anonymous_4)
FNF:5
FNH:5
FNDA:3,(anonymous_0)
FNDA:3,(anonymous_1)
FNDA:102,(anonymous_2)
FNDA:102,(anonymous_3)
FNDA:51,(anonymous_4)
DA:1,2
DA:3,3
DA:6,3
DA:7,3
DA:8,3
DA:9,102
DA:11,3
DA:12,102
DA:14,3
DA:15,51
DA:17,3
DA:18,3
LF:12
LH:12
BRF:0
BRH:0
end_of_record
TN:
SF:helpers\actionClass.js
FN:15,(anonymous_0)
FN:50,(anonymous_1)
FN:177,(anonymous_2)
FN:185,(anonymous_3)
FN:187,(anonymous_4)
FN:194,(anonymous_5)
FN:252,(anonymous_6)
FN:287,(anonymous_7)
FN:294,(anonymous_8)
FN:349,(anonymous_9)
FN:376,(anonymous_10)
FN:392,(anonymous_11)
FN:406,(anonymous_12)
FN:410,(anonymous_13)
FNF:14
FNH:5
FNDA:3,(anonymous_0)
FNDA:0,(anonymous_1)
FNDA:2,(anonymous_2)
FNDA:2,(anonymous_3)
FNDA:34,(anonymous_4)
FNDA:2,(anonymous_5)
FNDA:0,(anonymous_6)
FNDA:0,(anonymous_7)
FNDA:0,(anonymous_8)
FNDA:0,(anonymous_9)
FNDA:0,(anonymous_10)
FNDA:0,(anonymous_11)
FNDA:0,(anonymous_12)
FNDA:0,(anonymous_13)
DA:1,2
DA:2,2
DA:3,2
DA:4,2
DA:5,2
DA:6,2
DA:7,2
DA:8,2
DA:9,2
DA:10,2
DA:11,2
DA:12,2
DA:14,2
DA:29,3
DA:30,3
DA:31,3
DA:32,3
DA:33,3
DA:34,3
DA:35,3
DA:36,3
DA:37,3
DA:38,3
DA:39,3
DA:40,3
DA:41,3
DA:42,3
DA:44,3
DA:45,3
DA:46,3
DA:51,0
DA:52,0
DA:54,0
DA:55,0
DA:56,0
DA:57,0
DA:58,0
DA:59,0
DA:60,0
DA:61,0
DA:62,0
DA:63,0
DA:69,0
DA:70,0
DA:71,0
DA:72,0
DA:73,0
DA:75,0
DA:83,0
DA:87,0
DA:88,0
DA:89,0
DA:90,0
DA:92,0
DA:93,0
DA:95,0
DA:98,0
DA:99,0
DA:102,0
DA:103,0
DA:104,0
DA:105,0
DA:106,0
DA:107,0
DA:108,0
DA:109,0
DA:112,0
DA:113,0
DA:116,0
DA:117,0
DA:121,0
DA:125,0
DA:126,0
DA:127,0
DA:130,0
DA:131,0
DA:133,0
DA:134,0
DA:137,0
DA:138,0
DA:140,0
DA:141,0
DA:145,0
DA:152,0
DA:154,0
DA:155,0
DA:156,0
DA:159,0
DA:160,0
DA:162,0
DA:163,0
DA:164,0
DA:167,0
DA:178,2
DA:179,2
DA:181,0
DA:186,2
DA:187,2
DA:188,34
DA:190,2
DA:195,2
DA:200,2
DA:202,2
DA:203,2
DA:205,2
DA:206,2
DA:208,2
DA:210,2
DA:214,2
DA:215,2
DA:217,0
DA:222,2
DA:223,1
DA:224,1
DA:227,2
DA:228,1
DA:229,1
DA:230,1
DA:231,1
DA:232,1
DA:235,1
DA:237,0
DA:238,0
DA:239,0
DA:240,0
DA:242,0
DA:243,0
DA:244,0
DA:247,1
DA:248,1
DA:249,1
DA:254,0
DA:255,0
DA:259,0
DA:261,0
DA:262,0
DA:263,0
DA:265,0
DA:266,0
DA:267,0
DA:268,0
DA:270,0
DA:271,0
DA:272,0
DA:273,0
DA:274,0
DA:275,0
DA:277,0
DA:278,0
DA:281,0
DA:284,0
DA:288,0
DA:289,0
DA:290,0
DA:291,0
DA:292,0
DA:293,0
DA:294,0
DA:295,0
DA:296,0
DA:297,0
DA:298,0
DA:301,0
DA:303,0
DA:304,0
DA:305,0
DA:306,0
DA:311,0
DA:312,0
DA:314,0
DA:316,0
DA:319,0
DA:320,0
DA:322,0
DA:325,0
DA:326,0
DA:328,0
DA:330,0
DA:331,0
DA:332,0
DA:333,0
DA:335,0
DA:337,0
DA:340,0
DA:346,0
DA:347,0
DA:349,0
DA:350,0
DA:355,0
DA:356,0
DA:358,0
DA:359,0
DA:367,0
DA:377,0
DA:378,0
DA:379,0
DA:380,0
DA:381,0
DA:382,0
DA:383,0
DA:386,0
DA:387,0
DA:388,0
DA:393,0
DA:396,0
DA:398,0
DA:399,0
DA:401,0
DA:403,0
DA:407,0
DA:408,0
DA:409,0
DA:410,0
DA:411,0
DA:419,0
DA:426,0
DA:427,0
LF:217
LH:59
BRDA:52,0,0,0
BRDA:52,0,1,0
BRDA:83,1,0,0
BRDA:83,1,1,0
BRDA:84,2,0,0
BRDA:84,2,1,0
BRDA:92,3,0,0
BRDA:92,3,1,0
BRDA:99,4,0,0
BRDA:99,4,1,0
BRDA:106,5,0,0
BRDA:106,5,1,0
BRDA:112,6,0,0
BRDA:112,6,1,0
BRDA:116,7,0,0
BRDA:116,7,1,0
BRDA:130,8,0,0
BRDA:130,8,1,0
BRDA:138,9,0,0
BRDA:138,9,1,0
BRDA:141,10,0,0
BRDA:141,10,1,0
BRDA:146,11,0,0
BRDA:146,11,1,0
BRDA:147,12,0,0
BRDA:147,12,1,0
BRDA:178,13,0,2
BRDA:178,13,1,0
BRDA:214,14,0,2
BRDA:214,14,1,0
BRDA:222,15,0,1
BRDA:222,15,1,1
BRDA:222,16,0,2
BRDA:222,16,1,1
BRDA:227,17,0,1
BRDA:227,17,1,1
BRDA:235,18,0,0
BRDA:235,18,1,1
BRDA:238,19,0,0
BRDA:238,19,1,0
BRDA:261,20,0,0
BRDA:261,20,1,0
BRDA:265,21,0,0
BRDA:265,21,1,0
BRDA:270,22,0,0
BRDA:270,22,1,0
BRDA:270,23,0,0
BRDA:270,23,1,0
BRDA:273,24,0,0
BRDA:273,24,1,0
BRDA:273,25,0,0
BRDA:273,25,1,0
BRDA:281,26,0,0
BRDA:289,27,0,0
BRDA:289,27,1,0
BRDA:303,28,0,0
BRDA:303,28,1,0
BRDA:305,29,0,0
BRDA:305,29,1,0
BRDA:316,30,0,0
BRDA:316,30,1,0
BRDA:319,31,0,0
BRDA:319,31,1,0
BRDA:326,32,0,0
BRDA:326,32,1,0
BRDA:332,33,0,0
BRDA:332,33,1,0
BRDA:376,34,0,0
BRDA:378,35,0,0
BRDA:378,35,1,0
BRDA:380,36,0,0
BRDA:380,36,1,0
BRDA:382,37,0,0
BRDA:382,37,1,0
BRDA:383,38,0,0
BRDA:383,38,1,0
BRDA:409,39,0,0
BRDA:409,39,1,0
BRF:78
BRH:9
end_of_record
TN:
SF:services\addDataToFile.js
FN:4,(anonymous_0)
FNF:1
FNH:0
FNDA:0,(anonymous_0)
DA:1,2
DA:4,2
DA:5,0
DA:9,2
DA:11,2
LF:5
LH:4
BRF:0
BRH:0
end_of_record
TN:
SF:services\getDataFromCsvFile.js
FN:6,(anonymous_0)
FN:8,(anonymous_1)
FN:11,(anonymous_2)
FN:12,(anonymous_3)
FN:13,(anonymous_4)
FNF:5
FNH:4
FNDA:18,(anonymous_0)
FNDA:18,(anonymous_1)
FNDA:0,(anonymous_2)
FNDA:153,(anonymous_3)
FNDA:18,(anonymous_4)
DA:1,2
DA:2,2
DA:7,18
DA:8,18
DA:9,18
DA:11,0
DA:12,153
DA:13,18
DA:19,2
DA:21,2
LF:10
LH:9
BRF:0
BRH:0
end_of_record
TN:
SF:services\getDataFromFile.js
FN:4,(anonymous_0)
FN:5,(anonymous_1)
FN:6,(anonymous_2)
FN:13,(anonymous_3)
FN:14,(anonymous_4)
FN:15,(anonymous_5)
FNF:6
FNH:6
FNDA:18,(anonymous_0)
FNDA:18,(anonymous_1)
FNDA:18,(anonymous_2)
FNDA:3,(anonymous_3)
FNDA:3,(anonymous_4)
FNDA:3,(anonymous_5)
DA:1,2
DA:5,18
DA:6,18
DA:7,18
DA:8,18
DA:14,3
DA:15,3
DA:31,3
DA:40,2
DA:43,2
LF:10
LH:10
BRF:0
BRH:0
end_of_record
